<?xml version="1.0" encoding="UTF-8"?>
<!-- Generated by org.testng.reporters.JUnitXMLReporter -->
<testsuite ignored="0" hostname="AmiTs-MacBook-Air.local" failures="1" tests="1" name="Test" time="3.889" errors="0" timestamp="2025-02-28T15:20:08 IST">
  <testcase classname="io.cucumber.testng.AbstractTestNGCucumberTests" name="runScenario" time="3.705">
    <failure type="java.lang.NullPointerException" message="Cannot read field &amp;quot;loginButton&amp;quot; because &amp;quot;this.loginPage&amp;quot; is null">
      <![CDATA[java.lang.NullPointerException: Cannot read field "loginButton" because "this.loginPage" is null
at steps.Login.click_on_the_login_button(Login.java:39)
at ✽.Click on the Login Button(file:///Users/amitkumar/eclipse-workspace/MSIL/src/test/resources/features/login.feature:5)
]]>
    </failure>
  </testcase> <!-- runScenario -->
</testsuite> <!-- Test -->
