<?xml version="1.0" encoding="UTF-8"?>
<!-- Generated by org.testng.reporters.JUnitReportReporter -->
<testsuite hostname="KELLGGNLPTP1709" failures="0" tests="12" name="runners.Runner" time="278.320" errors="1" timestamp="2025-03-29T16:18:32 IST" skipped="0">
  <testcase classname="runners.Runner" name="runScenario" time="19.330"/>
  <system-out/>
  <testcase classname="runners.Runner" name="runScenario" time="21.867"/>
  <system-out/>
  <testcase classname="runners.Runner" name="runScenario" time="30.798"/>
  <system-out/>
  <testcase classname="runners.Runner" name="runScenario" time="24.957"/>
  <system-out/>
  <testcase classname="runners.Runner" name="runScenario" time="27.572"/>
  <system-out/>
  <testcase classname="runners.Runner" name="runScenario" time="27.087"/>
  <system-out/>
  <testcase classname="runners.Runner" name="runScenario" time="21.985"/>
  <system-out/>
  <testcase classname="runners.Runner" name="runScenario" time="21.459"/>
  <system-out/>
  <testcase classname="runners.Runner" name="runScenario" time="26.544"/>
  <system-out/>
  <testcase classname="runners.Runner" name="runScenario" time="8.256">
    <error message="stale element reference: stale element not found in the current frame
  (Session info: chrome=134.0.6998.178)
For documentation on this error, please visit: https://www.selenium.dev/documentation/webdriver/troubleshooting/errors#stale-element-reference-exception
Build info: version: &#039;4.22.0&#039;, revision: &#039;c5f3146703*&#039;
System info: os.name: &#039;Windows 11&#039;, os.arch: &#039;amd64&#039;, os.version: &#039;10.0&#039;, java.version: &#039;22.0.1&#039;
Driver info: org.openqa.selenium.chrome.ChromeDriver
Command: [3a77f53936cc5ec9a4f8e3464d1a541b, isElementDisplayed {id=f.23539C9DC154B954A32E6AE52EC8ACF4.d.C84E80A346DAEB6AFE54A8A21A90F160.e.3450}]
Capabilities {acceptInsecureCerts: false, browserName: chrome, browserVersion: 134.0.6998.178, chrome: {chromedriverVersion: 134.0.6998.165 (fd886e2cb29..., userDataDir: C:\Users\AMIT~1.KUM\AppData...}, fedcm:accounts: true, goog:chromeOptions: {debuggerAddress: localhost:54767}, networkConnectionEnabled: false, pageLoadStrategy: normal, platformName: windows, proxy: Proxy(), se:cdp: ws://localhost:54767/devtoo..., se:cdpVersion: 134.0.6998.178, setWindowRect: true, strictFileInteractability: false, timeouts: {implicit: 0, pageLoad: 300000, script: 30000}, unhandledPromptBehavior: dismiss and notify, webauthn:extension:credBlob: true, webauthn:extension:largeBlob: true, webauthn:extension:minPinLength: true, webauthn:extension:prf: true, webauthn:virtualAuthenticators: true}
Element: [[ChromeDriver: chrome on windows (3a77f53936cc5ec9a4f8e3464d1a541b)] -&gt; id: i0118]
Session ID: 3a77f53936cc5ec9a4f8e3464d1a541b" type="org.openqa.selenium.StaleElementReferenceException">
      <![CDATA[org.openqa.selenium.StaleElementReferenceException: stale element reference: stale element not found in the current frame
  (Session info: chrome=134.0.6998.178)
For documentation on this error, please visit: https://www.selenium.dev/documentation/webdriver/troubleshooting/errors#stale-element-reference-exception
Build info: version: '4.22.0', revision: 'c5f3146703*'
System info: os.name: 'Windows 11', os.arch: 'amd64', os.version: '10.0', java.version: '22.0.1'
Driver info: org.openqa.selenium.chrome.ChromeDriver
Command: [3a77f53936cc5ec9a4f8e3464d1a541b, isElementDisplayed {id=f.23539C9DC154B954A32E6AE52EC8ACF4.d.C84E80A346DAEB6AFE54A8A21A90F160.e.3450}]
Capabilities {acceptInsecureCerts: false, browserName: chrome, browserVersion: 134.0.6998.178, chrome: {chromedriverVersion: 134.0.6998.165 (fd886e2cb29..., userDataDir: C:\Users\AMIT~1.KUM\AppData...}, fedcm:accounts: true, goog:chromeOptions: {debuggerAddress: localhost:54767}, networkConnectionEnabled: false, pageLoadStrategy: normal, platformName: windows, proxy: Proxy(), se:cdp: ws://localhost:54767/devtoo..., se:cdpVersion: 134.0.6998.178, setWindowRect: true, strictFileInteractability: false, timeouts: {implicit: 0, pageLoad: 300000, script: 30000}, unhandledPromptBehavior: dismiss and notify, webauthn:extension:credBlob: true, webauthn:extension:largeBlob: true, webauthn:extension:minPinLength: true, webauthn:extension:prf: true, webauthn:virtualAuthenticators: true}
Element: [[ChromeDriver: chrome on windows (3a77f53936cc5ec9a4f8e3464d1a541b)] -> id: i0118]
Session ID: 3a77f53936cc5ec9a4f8e3464d1a541b
at java.base/jdk.internal.reflect.DirectConstructorHandleAccessor.newInstance(DirectConstructorHandleAccessor.java:62)
at java.base/java.lang.reflect.Constructor.newInstanceWithCaller(Constructor.java:502)
at java.base/java.lang.reflect.Constructor.newInstance(Constructor.java:486)
at org.openqa.selenium.remote.ErrorCodec.decode(ErrorCodec.java:167)
at org.openqa.selenium.remote.codec.w3c.W3CHttpResponseCodec.decode(W3CHttpResponseCodec.java:138)
at org.openqa.selenium.remote.codec.w3c.W3CHttpResponseCodec.decode(W3CHttpResponseCodec.java:50)
at org.openqa.selenium.remote.HttpCommandExecutor.execute(HttpCommandExecutor.java:190)
at org.openqa.selenium.remote.service.DriverCommandExecutor.invokeExecute(DriverCommandExecutor.java:216)
at org.openqa.selenium.remote.service.DriverCommandExecutor.execute(DriverCommandExecutor.java:174)
at org.openqa.selenium.remote.RemoteWebDriver.execute(RemoteWebDriver.java:518)
at org.openqa.selenium.remote.RemoteWebElement.execute(RemoteWebElement.java:223)
at org.openqa.selenium.remote.RemoteWebElement.isDisplayed(RemoteWebElement.java:282)
at java.base/jdk.internal.reflect.DirectMethodHandleAccessor.invoke(DirectMethodHandleAccessor.java:103)
at java.base/java.lang.reflect.Method.invoke(Method.java:580)
at org.openqa.selenium.support.pagefactory.internal.LocatingElementHandler.invoke(LocatingElementHandler.java:51)
at jdk.proxy2/jdk.proxy2.$Proxy23.isDisplayed(Unknown Source)
at org.openqa.selenium.support.ui.ExpectedConditions.elementIfVisible(ExpectedConditions.java:304)
at org.openqa.selenium.support.ui.ExpectedConditions$10.apply(ExpectedConditions.java:290)
at org.openqa.selenium.support.ui.ExpectedConditions$10.apply(ExpectedConditions.java:287)
at org.openqa.selenium.support.ui.FluentWait.until(FluentWait.java:203)
at pages.BasePage.sendKeys(BasePage.java:26)
at pages.LoginPage.enterPassword(LoginPage.java:42)
at steps.Login.i_am_on_the_login_page(Login.java:26)
at ✽.I enter username "77777@nishantsclub.onmicrosoft.com" and password "@Redhat@735"(file:///C:/Users/amit.kumar/git/MSIL/MSIL/src/test/resources/features/createMessage.feature:69)
]]>
    </error>
  </testcase> <!-- runScenario -->
  <system-out/>
  <testcase classname="runners.Runner" name="runScenario" time="24.947"/>
  <system-out/>
  <testcase classname="runners.Runner" name="runScenario" time="23.518"/>
  <system-out/>
</testsuite> <!-- runners.Runner -->
