<?xml version="1.0" encoding="UTF-8"?>
<testsuite xmlns:xsi="http://www.w3.org/2001/XMLSchema-instance" xsi:noNamespaceSchemaLocation="https://maven.apache.org/surefire/maven-surefire-plugin/xsd/surefire-test-report-3.0.xsd" version="3.0" name="TestSuite" time="132.437" tests="12" errors="0" skipped="0" failures="12">
  <properties>
[...]
</properties>
  <testcase name="runScenario[&quot;Login into the MSIL App&quot;, &quot;Optional[Login Feature]&quot;](1)" classname="runners.Runner" time="129.262">
    <failure message="no such window: target window already closed&#10;from unknown error: web view not found&#10;  (Session info: chrome=134.0.6998.89)&#10;Build info: version: &apos;4.22.0&apos;, revision: &apos;c5f3146703*&apos;&#10;System info: os.name: &apos;Windows 11&apos;, os.arch: &apos;amd64&apos;, os.version: &apos;10.0&apos;, java.version: &apos;22.0.1&apos;&#10;Driver info: org.openqa.selenium.chrome.ChromeDriver&#10;Command: [e3454b1114feb6a1852135a428f7be5d, findElement {using=id, value=i0116}]&#10;Capabilities {acceptInsecureCerts: false, browserName: chrome, browserVersion: 134.0.6998.89, chrome: {chromedriverVersion: 134.0.6998.90 (219ee74681fc..., userDataDir: C:\Users\AMIT~1.KUM\AppData...}, fedcm:accounts: true, goog:chromeOptions: {debuggerAddress: localhost:55465}, networkConnectionEnabled: false, pageLoadStrategy: normal, platformName: windows, proxy: Proxy(), se:cdp: ws://localhost:55465/devtoo..., se:cdpVersion: 134.0.6998.89, setWindowRect: true, strictFileInteractability: false, timeouts: {implicit: 0, pageLoad: 300000, script: 30000}, unhandledPromptBehavior: dismiss and notify, webauthn:extension:credBlob: true, webauthn:extension:largeBlob: true, webauthn:extension:minPinLength: true, webauthn:extension:prf: true, webauthn:virtualAuthenticators: true}&#10;Session ID: e3454b1114feb6a1852135a428f7be5d" type="org.openqa.selenium.NoSuchWindowException"><![CDATA[org.openqa.selenium.NoSuchWindowException: 
no such window: target window already closed
from unknown error: web view not found
  (Session info: chrome=134.0.6998.89)
Build info: version: '4.22.0', revision: 'c5f3146703*'
System info: os.name: 'Windows 11', os.arch: 'amd64', os.version: '10.0', java.version: '22.0.1'
Driver info: org.openqa.selenium.chrome.ChromeDriver
Command: [e3454b1114feb6a1852135a428f7be5d, findElement {using=id, value=i0116}]
Capabilities {acceptInsecureCerts: false, browserName: chrome, browserVersion: 134.0.6998.89, chrome: {chromedriverVersion: 134.0.6998.90 (219ee74681fc..., userDataDir: C:\Users\AMIT~1.KUM\AppData...}, fedcm:accounts: true, goog:chromeOptions: {debuggerAddress: localhost:55465}, networkConnectionEnabled: false, pageLoadStrategy: normal, platformName: windows, proxy: Proxy(), se:cdp: ws://localhost:55465/devtoo..., se:cdpVersion: 134.0.6998.89, setWindowRect: true, strictFileInteractability: false, timeouts: {implicit: 0, pageLoad: 300000, script: 30000}, unhandledPromptBehavior: dismiss and notify, webauthn:extension:credBlob: true, webauthn:extension:largeBlob: true, webauthn:extension:minPinLength: true, webauthn:extension:prf: true, webauthn:virtualAuthenticators: true}
Session ID: e3454b1114feb6a1852135a428f7be5d
]]></failure>
    <system-out><![CDATA[
Scenario Outline: Login into the MSIL App                                                                    &amp#27;[90m# src/test/resources/features/createMessage.feature:12&amp#27;[0m
  &amp#27;[32mGiven &amp#27;[0m&amp#27;[32mI am on the Homepage&amp#27;[0m                                                                                 &amp#27;[90m# steps.Login.i_am_on_the_homepage()&amp#27;[0m
  &amp#27;[31mWhen &amp#27;[0m&amp#27;[31mI enter username &amp#27;[0m&amp#27;[31m&amp#27;[1m"23145@nishantsclub.onmicrosoft.com"&amp#27;[0m&amp#27;[31m and password &amp#27;[0m&amp#27;[31m&amp#27;[1m"@Redhat@735"&amp#27;[0m                      &amp#27;[90m# steps.Login.i_am_on_the_login_page(java.lang.String,java.lang.String)&amp#27;[0m
      &amp#27;[31morg.openqa.selenium.NoSuchWindowException: no such window: target window already closed
from unknown error: web view not found
  (Session info: chrome=134.0.6998.89)
Build info: version: '4.22.0', revision: 'c5f3146703*'
System info: os.name: 'Windows 11', os.arch: 'amd64', os.version: '10.0', java.version: '22.0.1'
Driver info: org.openqa.selenium.chrome.ChromeDriver
Command: [e3454b1114feb6a1852135a428f7be5d, findElement {using=id, value=i0116}]
Capabilities {acceptInsecureCerts: false, browserName: chrome, browserVersion: 134.0.6998.89, chrome: {chromedriverVersion: 134.0.6998.90 (219ee74681fc..., userDataDir: C:\Users\AMIT~1.KUM\AppData...}, fedcm:accounts: true, goog:chromeOptions: {debuggerAddress: localhost:55465}, networkConnectionEnabled: false, pageLoadStrategy: normal, platformName: windows, proxy: Proxy(), se:cdp: ws://localhost:55465/devtoo..., se:cdpVersion: 134.0.6998.89, setWindowRect: true, strictFileInteractability: false, timeouts: {implicit: 0, pageLoad: 300000, script: 30000}, unhandledPromptBehavior: dismiss and notify, webauthn:extension:credBlob: true, webauthn:extension:largeBlob: true, webauthn:extension:minPinLength: true, webauthn:extension:prf: true, webauthn:virtualAuthenticators: true}
Session ID: e3454b1114feb6a1852135a428f7be5d
	at java.base/jdk.internal.reflect.DirectConstructorHandleAccessor.newInstance(DirectConstructorHandleAccessor.java:62)
	at java.base/java.lang.reflect.Constructor.newInstanceWithCaller(Constructor.java:502)
	at java.base/java.lang.reflect.Constructor.newInstance(Constructor.java:486)
	at org.openqa.selenium.remote.ErrorCodec.decode(ErrorCodec.java:167)
	at org.openqa.selenium.remote.codec.w3c.W3CHttpResponseCodec.decode(W3CHttpResponseCodec.java:138)
	at org.openqa.selenium.remote.codec.w3c.W3CHttpResponseCodec.decode(W3CHttpResponseCodec.java:50)
	at org.openqa.selenium.remote.HttpCommandExecutor.execute(HttpCommandExecutor.java:190)
	at org.openqa.selenium.remote.service.DriverCommandExecutor.invokeExecute(DriverCommandExecutor.java:216)
	at org.openqa.selenium.remote.service.DriverCommandExecutor.execute(DriverCommandExecutor.java:174)
	at org.openqa.selenium.remote.RemoteWebDriver.execute(RemoteWebDriver.java:518)
	at org.openqa.selenium.remote.ElementLocation$ElementFinder$2.findElement(ElementLocation.java:165)
	at org.openqa.selenium.remote.ElementLocation.findElement(ElementLocation.java:59)
	at org.openqa.selenium.remote.RemoteWebDriver.findElement(RemoteWebDriver.java:355)
	at org.openqa.selenium.remote.RemoteWebDriver.findElement(RemoteWebDriver.java:349)
	at org.openqa.selenium.support.pagefactory.DefaultElementLocator.findElement(DefaultElementLocator.java:68)
	at org.openqa.selenium.support.pagefactory.internal.LocatingElementHandler.invoke(LocatingElementHandler.java:38)
	at jdk.proxy2/jdk.proxy2.$Proxy20.toString(Unknown Source)
	at java.base/java.lang.String.valueOf(String.java:4507)
	at org.openqa.selenium.support.ui.ExpectedConditions$10.toString(ExpectedConditions.java:295)
	at java.base/java.lang.String.valueOf(String.java:4507)
	at org.openqa.selenium.support.ui.FluentWait.until(FluentWait.java:225)
	at pages.BasePage.sendKeys(BasePage.java:27)
	at pages.LoginPage.enterUsername(LoginPage.java:32)
	at steps.Login.i_am_on_the_login_page(Login.java:34)
	at ✽.I enter username "23145@nishantsclub.onmicrosoft.com" and password "@Redhat@735"(file:///C:/Users/amit.kumar/eclipse-workspace/MSIL/src/test/resources/features/createMessage.feature:5)
&amp#27;[0m
  &amp#27;[36mGiven &amp#27;[0m&amp#27;[36mI am on the Dashboard&amp#27;[0m                                                                                &amp#27;[90m# steps.CreateMessage.i_am_on_the_dashboard()&amp#27;[0m
  &amp#27;[36mWhen &amp#27;[0m&amp#27;[36mI am on the Message Page&amp#27;[0m                                                                              &amp#27;[90m# steps.CreateMessage.i_am_on_the_messagePage()&amp#27;[0m
  &amp#27;[36mAnd &amp#27;[0m&amp#27;[36mI enter details in the message form for title &amp#27;[0m&amp#27;[36m&amp#27;[1m"Message Title-1"&amp#27;[0m&amp#27;[36m and messagebody and status &amp#27;[0m&amp#27;[36m&amp#27;[1m"Published"&amp#27;[0m &amp#27;[90m# steps.CreateMessage.i_enter_details_in_the_message_form(java.lang.String,java.lang.String)&amp#27;[0m
]]></system-out>
    <system-err><![CDATA[Mar 20, 2025 10:55:15 AM org.openqa.selenium.devtools.CdpVersionFinder findNearestMatch
WARNING: Unable to find CDP implementation matching 134
Mar 20, 2025 10:55:15 AM org.openqa.selenium.chromium.ChromiumDriver lambda$new$5
WARNING: Unable to find version of CDP to use for 134.0.6998.89. You may need to include a dependency on a specific version of the CDP using something similar to `org.seleniumhq.selenium:selenium-devtools-v86:4.22.0` where the version ("v86") matches the version of the chromium-based browser you're using and the version number of the artifact is the same as Selenium's.
]]></system-err>
  </testcase>
  <testcase name="runScenario[&quot;Login into the MSIL App&quot;, &quot;Optional[Login Feature]&quot;](2)" classname="runners.Runner" time="0.028">
    <failure message="no such window: target window already closed&#10;from unknown error: web view not found&#10;  (Session info: chrome=134.0.6998.89)&#10;Build info: version: &apos;4.22.0&apos;, revision: &apos;c5f3146703*&apos;&#10;System info: os.name: &apos;Windows 11&apos;, os.arch: &apos;amd64&apos;, os.version: &apos;10.0&apos;, java.version: &apos;22.0.1&apos;&#10;Driver info: org.openqa.selenium.chrome.ChromeDriver&#10;Command: [e3454b1114feb6a1852135a428f7be5d, get {url=https://msil-uat.kellton.net}]&#10;Capabilities {acceptInsecureCerts: false, browserName: chrome, browserVersion: 134.0.6998.89, chrome: {chromedriverVersion: 134.0.6998.90 (219ee74681fc..., userDataDir: C:\Users\AMIT~1.KUM\AppData...}, fedcm:accounts: true, goog:chromeOptions: {debuggerAddress: localhost:55465}, networkConnectionEnabled: false, pageLoadStrategy: normal, platformName: windows, proxy: Proxy(), se:cdp: ws://localhost:55465/devtoo..., se:cdpVersion: 134.0.6998.89, setWindowRect: true, strictFileInteractability: false, timeouts: {implicit: 0, pageLoad: 300000, script: 30000}, unhandledPromptBehavior: dismiss and notify, webauthn:extension:credBlob: true, webauthn:extension:largeBlob: true, webauthn:extension:minPinLength: true, webauthn:extension:prf: true, webauthn:virtualAuthenticators: true}&#10;Session ID: e3454b1114feb6a1852135a428f7be5d" type="org.openqa.selenium.NoSuchWindowException"><![CDATA[org.openqa.selenium.NoSuchWindowException: 
no such window: target window already closed
from unknown error: web view not found
  (Session info: chrome=134.0.6998.89)
Build info: version: '4.22.0', revision: 'c5f3146703*'
System info: os.name: 'Windows 11', os.arch: 'amd64', os.version: '10.0', java.version: '22.0.1'
Driver info: org.openqa.selenium.chrome.ChromeDriver
Command: [e3454b1114feb6a1852135a428f7be5d, get {url=https://msil-uat.kellton.net}]
Capabilities {acceptInsecureCerts: false, browserName: chrome, browserVersion: 134.0.6998.89, chrome: {chromedriverVersion: 134.0.6998.90 (219ee74681fc..., userDataDir: C:\Users\AMIT~1.KUM\AppData...}, fedcm:accounts: true, goog:chromeOptions: {debuggerAddress: localhost:55465}, networkConnectionEnabled: false, pageLoadStrategy: normal, platformName: windows, proxy: Proxy(), se:cdp: ws://localhost:55465/devtoo..., se:cdpVersion: 134.0.6998.89, setWindowRect: true, strictFileInteractability: false, timeouts: {implicit: 0, pageLoad: 300000, script: 30000}, unhandledPromptBehavior: dismiss and notify, webauthn:extension:credBlob: true, webauthn:extension:largeBlob: true, webauthn:extension:minPinLength: true, webauthn:extension:prf: true, webauthn:virtualAuthenticators: true}
Session ID: e3454b1114feb6a1852135a428f7be5d
]]></failure>
    <system-out><![CDATA[
Scenario Outline: Login into the MSIL App                                                                &amp#27;[90m# src/test/resources/features/createMessage.feature:13&amp#27;[0m
  &amp#27;[31mGiven &amp#27;[0m&amp#27;[31mI am on the Homepage&amp#27;[0m                                                                             &amp#27;[90m# steps.Login.i_am_on_the_homepage()&amp#27;[0m
      &amp#27;[31morg.openqa.selenium.NoSuchWindowException: no such window: target window already closed
from unknown error: web view not found
  (Session info: chrome=134.0.6998.89)
Build info: version: '4.22.0', revision: 'c5f3146703*'
System info: os.name: 'Windows 11', os.arch: 'amd64', os.version: '10.0', java.version: '22.0.1'
Driver info: org.openqa.selenium.chrome.ChromeDriver
Command: [e3454b1114feb6a1852135a428f7be5d, get {url=https://msil-uat.kellton.net}]
Capabilities {acceptInsecureCerts: false, browserName: chrome, browserVersion: 134.0.6998.89, chrome: {chromedriverVersion: 134.0.6998.90 (219ee74681fc..., userDataDir: C:\Users\AMIT~1.KUM\AppData...}, fedcm:accounts: true, goog:chromeOptions: {debuggerAddress: localhost:55465}, networkConnectionEnabled: false, pageLoadStrategy: normal, platformName: windows, proxy: Proxy(), se:cdp: ws://localhost:55465/devtoo..., se:cdpVersion: 134.0.6998.89, setWindowRect: true, strictFileInteractability: false, timeouts: {implicit: 0, pageLoad: 300000, script: 30000}, unhandledPromptBehavior: dismiss and notify, webauthn:extension:credBlob: true, webauthn:extension:largeBlob: true, webauthn:extension:minPinLength: true, webauthn:extension:prf: true, webauthn:virtualAuthenticators: true}
Session ID: e3454b1114feb6a1852135a428f7be5d
	at java.base/jdk.internal.reflect.DirectConstructorHandleAccessor.newInstance(DirectConstructorHandleAccessor.java:62)
	at java.base/java.lang.reflect.Constructor.newInstanceWithCaller(Constructor.java:502)
	at java.base/java.lang.reflect.Constructor.newInstance(Constructor.java:486)
	at org.openqa.selenium.remote.ErrorCodec.decode(ErrorCodec.java:167)
	at org.openqa.selenium.remote.codec.w3c.W3CHttpResponseCodec.decode(W3CHttpResponseCodec.java:138)
	at org.openqa.selenium.remote.codec.w3c.W3CHttpResponseCodec.decode(W3CHttpResponseCodec.java:50)
	at org.openqa.selenium.remote.HttpCommandExecutor.execute(HttpCommandExecutor.java:190)
	at org.openqa.selenium.remote.service.DriverCommandExecutor.invokeExecute(DriverCommandExecutor.java:216)
	at org.openqa.selenium.remote.service.DriverCommandExecutor.execute(DriverCommandExecutor.java:174)
	at org.openqa.selenium.remote.RemoteWebDriver.execute(RemoteWebDriver.java:518)
	at org.openqa.selenium.remote.RemoteWebDriver.get(RemoteWebDriver.java:300)
	at steps.Login.i_am_on_the_homepage(Login.java:23)
	at ✽.I am on the Homepage(file:///C:/Users/amit.kumar/eclipse-workspace/MSIL/src/test/resources/features/createMessage.feature:4)
&amp#27;[0m
  &amp#27;[36mWhen &amp#27;[0m&amp#27;[36mI enter username &amp#27;[0m&amp#27;[36m&amp#27;[1m"78932@nishantsclub.onmicrosoft.com"&amp#27;[0m&amp#27;[36m and password &amp#27;[0m&amp#27;[36m&amp#27;[1m"@Redhat@735"&amp#27;[0m                  &amp#27;[90m# steps.Login.i_am_on_the_login_page(java.lang.String,java.lang.String)&amp#27;[0m
  &amp#27;[36mGiven &amp#27;[0m&amp#27;[36mI am on the Dashboard&amp#27;[0m                                                                            &amp#27;[90m# steps.CreateMessage.i_am_on_the_dashboard()&amp#27;[0m
  &amp#27;[36mWhen &amp#27;[0m&amp#27;[36mI am on the Message Page&amp#27;[0m                                                                          &amp#27;[90m# steps.CreateMessage.i_am_on_the_messagePage()&amp#27;[0m
  &amp#27;[36mAnd &amp#27;[0m&amp#27;[36mI enter details in the message form for title &amp#27;[0m&amp#27;[36m&amp#27;[1m"Message Title-2"&amp#27;[0m&amp#27;[36m and messagebody and status &amp#27;[0m&amp#27;[36m&amp#27;[1m"Draft"&amp#27;[0m &amp#27;[90m# steps.CreateMessage.i_enter_details_in_the_message_form(java.lang.String,java.lang.String)&amp#27;[0m
]]></system-out>
  </testcase>
  <testcase name="runScenario[&quot;Login into the MSIL App&quot;, &quot;Optional[Login Feature]&quot;](3)" classname="runners.Runner" time="0.021">
    <failure message="no such window: target window already closed&#10;from unknown error: web view not found&#10;  (Session info: chrome=134.0.6998.89)&#10;Build info: version: &apos;4.22.0&apos;, revision: &apos;c5f3146703*&apos;&#10;System info: os.name: &apos;Windows 11&apos;, os.arch: &apos;amd64&apos;, os.version: &apos;10.0&apos;, java.version: &apos;22.0.1&apos;&#10;Driver info: org.openqa.selenium.chrome.ChromeDriver&#10;Command: [e3454b1114feb6a1852135a428f7be5d, get {url=https://msil-uat.kellton.net}]&#10;Capabilities {acceptInsecureCerts: false, browserName: chrome, browserVersion: 134.0.6998.89, chrome: {chromedriverVersion: 134.0.6998.90 (219ee74681fc..., userDataDir: C:\Users\AMIT~1.KUM\AppData...}, fedcm:accounts: true, goog:chromeOptions: {debuggerAddress: localhost:55465}, networkConnectionEnabled: false, pageLoadStrategy: normal, platformName: windows, proxy: Proxy(), se:cdp: ws://localhost:55465/devtoo..., se:cdpVersion: 134.0.6998.89, setWindowRect: true, strictFileInteractability: false, timeouts: {implicit: 0, pageLoad: 300000, script: 30000}, unhandledPromptBehavior: dismiss and notify, webauthn:extension:credBlob: true, webauthn:extension:largeBlob: true, webauthn:extension:minPinLength: true, webauthn:extension:prf: true, webauthn:virtualAuthenticators: true}&#10;Session ID: e3454b1114feb6a1852135a428f7be5d" type="org.openqa.selenium.NoSuchWindowException"><![CDATA[org.openqa.selenium.NoSuchWindowException: 
no such window: target window already closed
from unknown error: web view not found
  (Session info: chrome=134.0.6998.89)
Build info: version: '4.22.0', revision: 'c5f3146703*'
System info: os.name: 'Windows 11', os.arch: 'amd64', os.version: '10.0', java.version: '22.0.1'
Driver info: org.openqa.selenium.chrome.ChromeDriver
Command: [e3454b1114feb6a1852135a428f7be5d, get {url=https://msil-uat.kellton.net}]
Capabilities {acceptInsecureCerts: false, browserName: chrome, browserVersion: 134.0.6998.89, chrome: {chromedriverVersion: 134.0.6998.90 (219ee74681fc..., userDataDir: C:\Users\AMIT~1.KUM\AppData...}, fedcm:accounts: true, goog:chromeOptions: {debuggerAddress: localhost:55465}, networkConnectionEnabled: false, pageLoadStrategy: normal, platformName: windows, proxy: Proxy(), se:cdp: ws://localhost:55465/devtoo..., se:cdpVersion: 134.0.6998.89, setWindowRect: true, strictFileInteractability: false, timeouts: {implicit: 0, pageLoad: 300000, script: 30000}, unhandledPromptBehavior: dismiss and notify, webauthn:extension:credBlob: true, webauthn:extension:largeBlob: true, webauthn:extension:minPinLength: true, webauthn:extension:prf: true, webauthn:virtualAuthenticators: true}
Session ID: e3454b1114feb6a1852135a428f7be5d
]]></failure>
    <system-out><![CDATA[
Scenario Outline: Login into the MSIL App                                                                    &amp#27;[90m# src/test/resources/features/createMessage.feature:14&amp#27;[0m
  &amp#27;[31mGiven &amp#27;[0m&amp#27;[31mI am on the Homepage&amp#27;[0m                                                                                 &amp#27;[90m# steps.Login.i_am_on_the_homepage()&amp#27;[0m
      &amp#27;[31morg.openqa.selenium.NoSuchWindowException: no such window: target window already closed
from unknown error: web view not found
  (Session info: chrome=134.0.6998.89)
Build info: version: '4.22.0', revision: 'c5f3146703*'
System info: os.name: 'Windows 11', os.arch: 'amd64', os.version: '10.0', java.version: '22.0.1'
Driver info: org.openqa.selenium.chrome.ChromeDriver
Command: [e3454b1114feb6a1852135a428f7be5d, get {url=https://msil-uat.kellton.net}]
Capabilities {acceptInsecureCerts: false, browserName: chrome, browserVersion: 134.0.6998.89, chrome: {chromedriverVersion: 134.0.6998.90 (219ee74681fc..., userDataDir: C:\Users\AMIT~1.KUM\AppData...}, fedcm:accounts: true, goog:chromeOptions: {debuggerAddress: localhost:55465}, networkConnectionEnabled: false, pageLoadStrategy: normal, platformName: windows, proxy: Proxy(), se:cdp: ws://localhost:55465/devtoo..., se:cdpVersion: 134.0.6998.89, setWindowRect: true, strictFileInteractability: false, timeouts: {implicit: 0, pageLoad: 300000, script: 30000}, unhandledPromptBehavior: dismiss and notify, webauthn:extension:credBlob: true, webauthn:extension:largeBlob: true, webauthn:extension:minPinLength: true, webauthn:extension:prf: true, webauthn:virtualAuthenticators: true}
Session ID: e3454b1114feb6a1852135a428f7be5d
	at java.base/jdk.internal.reflect.DirectConstructorHandleAccessor.newInstance(DirectConstructorHandleAccessor.java:62)
	at java.base/java.lang.reflect.Constructor.newInstanceWithCaller(Constructor.java:502)
	at java.base/java.lang.reflect.Constructor.newInstance(Constructor.java:486)
	at org.openqa.selenium.remote.ErrorCodec.decode(ErrorCodec.java:167)
	at org.openqa.selenium.remote.codec.w3c.W3CHttpResponseCodec.decode(W3CHttpResponseCodec.java:138)
	at org.openqa.selenium.remote.codec.w3c.W3CHttpResponseCodec.decode(W3CHttpResponseCodec.java:50)
	at org.openqa.selenium.remote.HttpCommandExecutor.execute(HttpCommandExecutor.java:190)
	at org.openqa.selenium.remote.service.DriverCommandExecutor.invokeExecute(DriverCommandExecutor.java:216)
	at org.openqa.selenium.remote.service.DriverCommandExecutor.execute(DriverCommandExecutor.java:174)
	at org.openqa.selenium.remote.RemoteWebDriver.execute(RemoteWebDriver.java:518)
	at org.openqa.selenium.remote.RemoteWebDriver.get(RemoteWebDriver.java:300)
	at steps.Login.i_am_on_the_homepage(Login.java:23)
	at ✽.I am on the Homepage(file:///C:/Users/amit.kumar/eclipse-workspace/MSIL/src/test/resources/features/createMessage.feature:4)
&amp#27;[0m
  &amp#27;[36mWhen &amp#27;[0m&amp#27;[36mI enter username &amp#27;[0m&amp#27;[36m&amp#27;[1m"90217@nishantsclub.onmicrosoft.com"&amp#27;[0m&amp#27;[36m and password &amp#27;[0m&amp#27;[36m&amp#27;[1m"@Redhat@735"&amp#27;[0m                      &amp#27;[90m# steps.Login.i_am_on_the_login_page(java.lang.String,java.lang.String)&amp#27;[0m
  &amp#27;[36mGiven &amp#27;[0m&amp#27;[36mI am on the Dashboard&amp#27;[0m                                                                                &amp#27;[90m# steps.CreateMessage.i_am_on_the_dashboard()&amp#27;[0m
  &amp#27;[36mWhen &amp#27;[0m&amp#27;[36mI am on the Message Page&amp#27;[0m                                                                              &amp#27;[90m# steps.CreateMessage.i_am_on_the_messagePage()&amp#27;[0m
  &amp#27;[36mAnd &amp#27;[0m&amp#27;[36mI enter details in the message form for title &amp#27;[0m&amp#27;[36m&amp#27;[1m"Message Title-3"&amp#27;[0m&amp#27;[36m and messagebody and status &amp#27;[0m&amp#27;[36m&amp#27;[1m"Published"&amp#27;[0m &amp#27;[90m# steps.CreateMessage.i_enter_details_in_the_message_form(java.lang.String,java.lang.String)&amp#27;[0m
]]></system-out>
  </testcase>
  <testcase name="runScenario[&quot;Login into the MSIL App&quot;, &quot;Optional[Login Feature]&quot;](4)" classname="runners.Runner" time="0.026">
    <failure message="no such window: target window already closed&#10;from unknown error: web view not found&#10;  (Session info: chrome=134.0.6998.89)&#10;Build info: version: &apos;4.22.0&apos;, revision: &apos;c5f3146703*&apos;&#10;System info: os.name: &apos;Windows 11&apos;, os.arch: &apos;amd64&apos;, os.version: &apos;10.0&apos;, java.version: &apos;22.0.1&apos;&#10;Driver info: org.openqa.selenium.chrome.ChromeDriver&#10;Command: [e3454b1114feb6a1852135a428f7be5d, get {url=https://msil-uat.kellton.net}]&#10;Capabilities {acceptInsecureCerts: false, browserName: chrome, browserVersion: 134.0.6998.89, chrome: {chromedriverVersion: 134.0.6998.90 (219ee74681fc..., userDataDir: C:\Users\AMIT~1.KUM\AppData...}, fedcm:accounts: true, goog:chromeOptions: {debuggerAddress: localhost:55465}, networkConnectionEnabled: false, pageLoadStrategy: normal, platformName: windows, proxy: Proxy(), se:cdp: ws://localhost:55465/devtoo..., se:cdpVersion: 134.0.6998.89, setWindowRect: true, strictFileInteractability: false, timeouts: {implicit: 0, pageLoad: 300000, script: 30000}, unhandledPromptBehavior: dismiss and notify, webauthn:extension:credBlob: true, webauthn:extension:largeBlob: true, webauthn:extension:minPinLength: true, webauthn:extension:prf: true, webauthn:virtualAuthenticators: true}&#10;Session ID: e3454b1114feb6a1852135a428f7be5d" type="org.openqa.selenium.NoSuchWindowException"><![CDATA[org.openqa.selenium.NoSuchWindowException: 
no such window: target window already closed
from unknown error: web view not found
  (Session info: chrome=134.0.6998.89)
Build info: version: '4.22.0', revision: 'c5f3146703*'
System info: os.name: 'Windows 11', os.arch: 'amd64', os.version: '10.0', java.version: '22.0.1'
Driver info: org.openqa.selenium.chrome.ChromeDriver
Command: [e3454b1114feb6a1852135a428f7be5d, get {url=https://msil-uat.kellton.net}]
Capabilities {acceptInsecureCerts: false, browserName: chrome, browserVersion: 134.0.6998.89, chrome: {chromedriverVersion: 134.0.6998.90 (219ee74681fc..., userDataDir: C:\Users\AMIT~1.KUM\AppData...}, fedcm:accounts: true, goog:chromeOptions: {debuggerAddress: localhost:55465}, networkConnectionEnabled: false, pageLoadStrategy: normal, platformName: windows, proxy: Proxy(), se:cdp: ws://localhost:55465/devtoo..., se:cdpVersion: 134.0.6998.89, setWindowRect: true, strictFileInteractability: false, timeouts: {implicit: 0, pageLoad: 300000, script: 30000}, unhandledPromptBehavior: dismiss and notify, webauthn:extension:credBlob: true, webauthn:extension:largeBlob: true, webauthn:extension:minPinLength: true, webauthn:extension:prf: true, webauthn:virtualAuthenticators: true}
Session ID: e3454b1114feb6a1852135a428f7be5d
]]></failure>
    <system-out><![CDATA[
Scenario Outline: Login into the MSIL App                                                                &amp#27;[90m# src/test/resources/features/createMessage.feature:15&amp#27;[0m
  &amp#27;[31mGiven &amp#27;[0m&amp#27;[31mI am on the Homepage&amp#27;[0m                                                                             &amp#27;[90m# steps.Login.i_am_on_the_homepage()&amp#27;[0m
      &amp#27;[31morg.openqa.selenium.NoSuchWindowException: no such window: target window already closed
from unknown error: web view not found
  (Session info: chrome=134.0.6998.89)
Build info: version: '4.22.0', revision: 'c5f3146703*'
System info: os.name: 'Windows 11', os.arch: 'amd64', os.version: '10.0', java.version: '22.0.1'
Driver info: org.openqa.selenium.chrome.ChromeDriver
Command: [e3454b1114feb6a1852135a428f7be5d, get {url=https://msil-uat.kellton.net}]
Capabilities {acceptInsecureCerts: false, browserName: chrome, browserVersion: 134.0.6998.89, chrome: {chromedriverVersion: 134.0.6998.90 (219ee74681fc..., userDataDir: C:\Users\AMIT~1.KUM\AppData...}, fedcm:accounts: true, goog:chromeOptions: {debuggerAddress: localhost:55465}, networkConnectionEnabled: false, pageLoadStrategy: normal, platformName: windows, proxy: Proxy(), se:cdp: ws://localhost:55465/devtoo..., se:cdpVersion: 134.0.6998.89, setWindowRect: true, strictFileInteractability: false, timeouts: {implicit: 0, pageLoad: 300000, script: 30000}, unhandledPromptBehavior: dismiss and notify, webauthn:extension:credBlob: true, webauthn:extension:largeBlob: true, webauthn:extension:minPinLength: true, webauthn:extension:prf: true, webauthn:virtualAuthenticators: true}
Session ID: e3454b1114feb6a1852135a428f7be5d
	at java.base/jdk.internal.reflect.DirectConstructorHandleAccessor.newInstance(DirectConstructorHandleAccessor.java:62)
	at java.base/java.lang.reflect.Constructor.newInstanceWithCaller(Constructor.java:502)
	at java.base/java.lang.reflect.Constructor.newInstance(Constructor.java:486)
	at org.openqa.selenium.remote.ErrorCodec.decode(ErrorCodec.java:167)
	at org.openqa.selenium.remote.codec.w3c.W3CHttpResponseCodec.decode(W3CHttpResponseCodec.java:138)
	at org.openqa.selenium.remote.codec.w3c.W3CHttpResponseCodec.decode(W3CHttpResponseCodec.java:50)
	at org.openqa.selenium.remote.HttpCommandExecutor.execute(HttpCommandExecutor.java:190)
	at org.openqa.selenium.remote.service.DriverCommandExecutor.invokeExecute(DriverCommandExecutor.java:216)
	at org.openqa.selenium.remote.service.DriverCommandExecutor.execute(DriverCommandExecutor.java:174)
	at org.openqa.selenium.remote.RemoteWebDriver.execute(RemoteWebDriver.java:518)
	at org.openqa.selenium.remote.RemoteWebDriver.get(RemoteWebDriver.java:300)
	at steps.Login.i_am_on_the_homepage(Login.java:23)
	at ✽.I am on the Homepage(file:///C:/Users/amit.kumar/eclipse-workspace/MSIL/src/test/resources/features/createMessage.feature:4)
&amp#27;[0m
  &amp#27;[36mWhen &amp#27;[0m&amp#27;[36mI enter username &amp#27;[0m&amp#27;[36m&amp#27;[1m"77777@nishantsclub.onmicrosoft.com"&amp#27;[0m&amp#27;[36m and password &amp#27;[0m&amp#27;[36m&amp#27;[1m"@Redhat@735"&amp#27;[0m                  &amp#27;[90m# steps.Login.i_am_on_the_login_page(java.lang.String,java.lang.String)&amp#27;[0m
  &amp#27;[36mGiven &amp#27;[0m&amp#27;[36mI am on the Dashboard&amp#27;[0m                                                                            &amp#27;[90m# steps.CreateMessage.i_am_on_the_dashboard()&amp#27;[0m
  &amp#27;[36mWhen &amp#27;[0m&amp#27;[36mI am on the Message Page&amp#27;[0m                                                                          &amp#27;[90m# steps.CreateMessage.i_am_on_the_messagePage()&amp#27;[0m
  &amp#27;[36mAnd &amp#27;[0m&amp#27;[36mI enter details in the message form for title &amp#27;[0m&amp#27;[36m&amp#27;[1m"Message Title-4"&amp#27;[0m&amp#27;[36m and messagebody and status &amp#27;[0m&amp#27;[36m&amp#27;[1m"Draft"&amp#27;[0m &amp#27;[90m# steps.CreateMessage.i_enter_details_in_the_message_form(java.lang.String,java.lang.String)&amp#27;[0m
]]></system-out>
  </testcase>
  <testcase name="runScenario[&quot;Login into the MSIL App&quot;, &quot;Optional[Login Feature]&quot;](5)" classname="runners.Runner" time="0.017">
    <failure message="no such window: target window already closed&#10;from unknown error: web view not found&#10;  (Session info: chrome=134.0.6998.89)&#10;Build info: version: &apos;4.22.0&apos;, revision: &apos;c5f3146703*&apos;&#10;System info: os.name: &apos;Windows 11&apos;, os.arch: &apos;amd64&apos;, os.version: &apos;10.0&apos;, java.version: &apos;22.0.1&apos;&#10;Driver info: org.openqa.selenium.chrome.ChromeDriver&#10;Command: [e3454b1114feb6a1852135a428f7be5d, get {url=https://msil-uat.kellton.net}]&#10;Capabilities {acceptInsecureCerts: false, browserName: chrome, browserVersion: 134.0.6998.89, chrome: {chromedriverVersion: 134.0.6998.90 (219ee74681fc..., userDataDir: C:\Users\AMIT~1.KUM\AppData...}, fedcm:accounts: true, goog:chromeOptions: {debuggerAddress: localhost:55465}, networkConnectionEnabled: false, pageLoadStrategy: normal, platformName: windows, proxy: Proxy(), se:cdp: ws://localhost:55465/devtoo..., se:cdpVersion: 134.0.6998.89, setWindowRect: true, strictFileInteractability: false, timeouts: {implicit: 0, pageLoad: 300000, script: 30000}, unhandledPromptBehavior: dismiss and notify, webauthn:extension:credBlob: true, webauthn:extension:largeBlob: true, webauthn:extension:minPinLength: true, webauthn:extension:prf: true, webauthn:virtualAuthenticators: true}&#10;Session ID: e3454b1114feb6a1852135a428f7be5d" type="org.openqa.selenium.NoSuchWindowException"><![CDATA[org.openqa.selenium.NoSuchWindowException: 
no such window: target window already closed
from unknown error: web view not found
  (Session info: chrome=134.0.6998.89)
Build info: version: '4.22.0', revision: 'c5f3146703*'
System info: os.name: 'Windows 11', os.arch: 'amd64', os.version: '10.0', java.version: '22.0.1'
Driver info: org.openqa.selenium.chrome.ChromeDriver
Command: [e3454b1114feb6a1852135a428f7be5d, get {url=https://msil-uat.kellton.net}]
Capabilities {acceptInsecureCerts: false, browserName: chrome, browserVersion: 134.0.6998.89, chrome: {chromedriverVersion: 134.0.6998.90 (219ee74681fc..., userDataDir: C:\Users\AMIT~1.KUM\AppData...}, fedcm:accounts: true, goog:chromeOptions: {debuggerAddress: localhost:55465}, networkConnectionEnabled: false, pageLoadStrategy: normal, platformName: windows, proxy: Proxy(), se:cdp: ws://localhost:55465/devtoo..., se:cdpVersion: 134.0.6998.89, setWindowRect: true, strictFileInteractability: false, timeouts: {implicit: 0, pageLoad: 300000, script: 30000}, unhandledPromptBehavior: dismiss and notify, webauthn:extension:credBlob: true, webauthn:extension:largeBlob: true, webauthn:extension:minPinLength: true, webauthn:extension:prf: true, webauthn:virtualAuthenticators: true}
Session ID: e3454b1114feb6a1852135a428f7be5d
]]></failure>
    <system-out><![CDATA[
Scenario Outline: Login into the MSIL App                                                                    &amp#27;[90m# src/test/resources/features/createMessage.feature:16&amp#27;[0m
  &amp#27;[31mGiven &amp#27;[0m&amp#27;[31mI am on the Homepage&amp#27;[0m                                                                                 &amp#27;[90m# steps.Login.i_am_on_the_homepage()&amp#27;[0m
      &amp#27;[31morg.openqa.selenium.NoSuchWindowException: no such window: target window already closed
from unknown error: web view not found
  (Session info: chrome=134.0.6998.89)
Build info: version: '4.22.0', revision: 'c5f3146703*'
System info: os.name: 'Windows 11', os.arch: 'amd64', os.version: '10.0', java.version: '22.0.1'
Driver info: org.openqa.selenium.chrome.ChromeDriver
Command: [e3454b1114feb6a1852135a428f7be5d, get {url=https://msil-uat.kellton.net}]
Capabilities {acceptInsecureCerts: false, browserName: chrome, browserVersion: 134.0.6998.89, chrome: {chromedriverVersion: 134.0.6998.90 (219ee74681fc..., userDataDir: C:\Users\AMIT~1.KUM\AppData...}, fedcm:accounts: true, goog:chromeOptions: {debuggerAddress: localhost:55465}, networkConnectionEnabled: false, pageLoadStrategy: normal, platformName: windows, proxy: Proxy(), se:cdp: ws://localhost:55465/devtoo..., se:cdpVersion: 134.0.6998.89, setWindowRect: true, strictFileInteractability: false, timeouts: {implicit: 0, pageLoad: 300000, script: 30000}, unhandledPromptBehavior: dismiss and notify, webauthn:extension:credBlob: true, webauthn:extension:largeBlob: true, webauthn:extension:minPinLength: true, webauthn:extension:prf: true, webauthn:virtualAuthenticators: true}
Session ID: e3454b1114feb6a1852135a428f7be5d
	at java.base/jdk.internal.reflect.DirectConstructorHandleAccessor.newInstance(DirectConstructorHandleAccessor.java:62)
	at java.base/java.lang.reflect.Constructor.newInstanceWithCaller(Constructor.java:502)
	at java.base/java.lang.reflect.Constructor.newInstance(Constructor.java:486)
	at org.openqa.selenium.remote.ErrorCodec.decode(ErrorCodec.java:167)
	at org.openqa.selenium.remote.codec.w3c.W3CHttpResponseCodec.decode(W3CHttpResponseCodec.java:138)
	at org.openqa.selenium.remote.codec.w3c.W3CHttpResponseCodec.decode(W3CHttpResponseCodec.java:50)
	at org.openqa.selenium.remote.HttpCommandExecutor.execute(HttpCommandExecutor.java:190)
	at org.openqa.selenium.remote.service.DriverCommandExecutor.invokeExecute(DriverCommandExecutor.java:216)
	at org.openqa.selenium.remote.service.DriverCommandExecutor.execute(DriverCommandExecutor.java:174)
	at org.openqa.selenium.remote.RemoteWebDriver.execute(RemoteWebDriver.java:518)
	at org.openqa.selenium.remote.RemoteWebDriver.get(RemoteWebDriver.java:300)
	at steps.Login.i_am_on_the_homepage(Login.java:23)
	at ✽.I am on the Homepage(file:///C:/Users/amit.kumar/eclipse-workspace/MSIL/src/test/resources/features/createMessage.feature:4)
&amp#27;[0m
  &amp#27;[36mWhen &amp#27;[0m&amp#27;[36mI enter username &amp#27;[0m&amp#27;[36m&amp#27;[1m"11111@nishantsclub.onmicrosoft.com"&amp#27;[0m&amp#27;[36m and password &amp#27;[0m&amp#27;[36m&amp#27;[1m"@Redhat@735"&amp#27;[0m                      &amp#27;[90m# steps.Login.i_am_on_the_login_page(java.lang.String,java.lang.String)&amp#27;[0m
  &amp#27;[36mGiven &amp#27;[0m&amp#27;[36mI am on the Dashboard&amp#27;[0m                                                                                &amp#27;[90m# steps.CreateMessage.i_am_on_the_dashboard()&amp#27;[0m
  &amp#27;[36mWhen &amp#27;[0m&amp#27;[36mI am on the Message Page&amp#27;[0m                                                                              &amp#27;[90m# steps.CreateMessage.i_am_on_the_messagePage()&amp#27;[0m
  &amp#27;[36mAnd &amp#27;[0m&amp#27;[36mI enter details in the message form for title &amp#27;[0m&amp#27;[36m&amp#27;[1m"Message Title-5"&amp#27;[0m&amp#27;[36m and messagebody and status &amp#27;[0m&amp#27;[36m&amp#27;[1m"Published"&amp#27;[0m &amp#27;[90m# steps.CreateMessage.i_enter_details_in_the_message_form(java.lang.String,java.lang.String)&amp#27;[0m
]]></system-out>
  </testcase>
  <testcase name="runScenario[&quot;Login into the MSIL App&quot;, &quot;Optional[Login Feature]&quot;](6)" classname="runners.Runner" time="0.024">
    <failure message="no such window: target window already closed&#10;from unknown error: web view not found&#10;  (Session info: chrome=134.0.6998.89)&#10;Build info: version: &apos;4.22.0&apos;, revision: &apos;c5f3146703*&apos;&#10;System info: os.name: &apos;Windows 11&apos;, os.arch: &apos;amd64&apos;, os.version: &apos;10.0&apos;, java.version: &apos;22.0.1&apos;&#10;Driver info: org.openqa.selenium.chrome.ChromeDriver&#10;Command: [e3454b1114feb6a1852135a428f7be5d, get {url=https://msil-uat.kellton.net}]&#10;Capabilities {acceptInsecureCerts: false, browserName: chrome, browserVersion: 134.0.6998.89, chrome: {chromedriverVersion: 134.0.6998.90 (219ee74681fc..., userDataDir: C:\Users\AMIT~1.KUM\AppData...}, fedcm:accounts: true, goog:chromeOptions: {debuggerAddress: localhost:55465}, networkConnectionEnabled: false, pageLoadStrategy: normal, platformName: windows, proxy: Proxy(), se:cdp: ws://localhost:55465/devtoo..., se:cdpVersion: 134.0.6998.89, setWindowRect: true, strictFileInteractability: false, timeouts: {implicit: 0, pageLoad: 300000, script: 30000}, unhandledPromptBehavior: dismiss and notify, webauthn:extension:credBlob: true, webauthn:extension:largeBlob: true, webauthn:extension:minPinLength: true, webauthn:extension:prf: true, webauthn:virtualAuthenticators: true}&#10;Session ID: e3454b1114feb6a1852135a428f7be5d" type="org.openqa.selenium.NoSuchWindowException"><![CDATA[org.openqa.selenium.NoSuchWindowException: 
no such window: target window already closed
from unknown error: web view not found
  (Session info: chrome=134.0.6998.89)
Build info: version: '4.22.0', revision: 'c5f3146703*'
System info: os.name: 'Windows 11', os.arch: 'amd64', os.version: '10.0', java.version: '22.0.1'
Driver info: org.openqa.selenium.chrome.ChromeDriver
Command: [e3454b1114feb6a1852135a428f7be5d, get {url=https://msil-uat.kellton.net}]
Capabilities {acceptInsecureCerts: false, browserName: chrome, browserVersion: 134.0.6998.89, chrome: {chromedriverVersion: 134.0.6998.90 (219ee74681fc..., userDataDir: C:\Users\AMIT~1.KUM\AppData...}, fedcm:accounts: true, goog:chromeOptions: {debuggerAddress: localhost:55465}, networkConnectionEnabled: false, pageLoadStrategy: normal, platformName: windows, proxy: Proxy(), se:cdp: ws://localhost:55465/devtoo..., se:cdpVersion: 134.0.6998.89, setWindowRect: true, strictFileInteractability: false, timeouts: {implicit: 0, pageLoad: 300000, script: 30000}, unhandledPromptBehavior: dismiss and notify, webauthn:extension:credBlob: true, webauthn:extension:largeBlob: true, webauthn:extension:minPinLength: true, webauthn:extension:prf: true, webauthn:virtualAuthenticators: true}
Session ID: e3454b1114feb6a1852135a428f7be5d
]]></failure>
    <system-out><![CDATA[
Scenario Outline: Login into the MSIL App                                                                    &amp#27;[90m# src/test/resources/features/createMessage.feature:17&amp#27;[0m
  &amp#27;[31mGiven &amp#27;[0m&amp#27;[31mI am on the Homepage&amp#27;[0m                                                                                 &amp#27;[90m# steps.Login.i_am_on_the_homepage()&amp#27;[0m
      &amp#27;[31morg.openqa.selenium.NoSuchWindowException: no such window: target window already closed
from unknown error: web view not found
  (Session info: chrome=134.0.6998.89)
Build info: version: '4.22.0', revision: 'c5f3146703*'
System info: os.name: 'Windows 11', os.arch: 'amd64', os.version: '10.0', java.version: '22.0.1'
Driver info: org.openqa.selenium.chrome.ChromeDriver
Command: [e3454b1114feb6a1852135a428f7be5d, get {url=https://msil-uat.kellton.net}]
Capabilities {acceptInsecureCerts: false, browserName: chrome, browserVersion: 134.0.6998.89, chrome: {chromedriverVersion: 134.0.6998.90 (219ee74681fc..., userDataDir: C:\Users\AMIT~1.KUM\AppData...}, fedcm:accounts: true, goog:chromeOptions: {debuggerAddress: localhost:55465}, networkConnectionEnabled: false, pageLoadStrategy: normal, platformName: windows, proxy: Proxy(), se:cdp: ws://localhost:55465/devtoo..., se:cdpVersion: 134.0.6998.89, setWindowRect: true, strictFileInteractability: false, timeouts: {implicit: 0, pageLoad: 300000, script: 30000}, unhandledPromptBehavior: dismiss and notify, webauthn:extension:credBlob: true, webauthn:extension:largeBlob: true, webauthn:extension:minPinLength: true, webauthn:extension:prf: true, webauthn:virtualAuthenticators: true}
Session ID: e3454b1114feb6a1852135a428f7be5d
	at java.base/jdk.internal.reflect.DirectConstructorHandleAccessor.newInstance(DirectConstructorHandleAccessor.java:62)
	at java.base/java.lang.reflect.Constructor.newInstanceWithCaller(Constructor.java:502)
	at java.base/java.lang.reflect.Constructor.newInstance(Constructor.java:486)
	at org.openqa.selenium.remote.ErrorCodec.decode(ErrorCodec.java:167)
	at org.openqa.selenium.remote.codec.w3c.W3CHttpResponseCodec.decode(W3CHttpResponseCodec.java:138)
	at org.openqa.selenium.remote.codec.w3c.W3CHttpResponseCodec.decode(W3CHttpResponseCodec.java:50)
	at org.openqa.selenium.remote.HttpCommandExecutor.execute(HttpCommandExecutor.java:190)
	at org.openqa.selenium.remote.service.DriverCommandExecutor.invokeExecute(DriverCommandExecutor.java:216)
	at org.openqa.selenium.remote.service.DriverCommandExecutor.execute(DriverCommandExecutor.java:174)
	at org.openqa.selenium.remote.RemoteWebDriver.execute(RemoteWebDriver.java:518)
	at org.openqa.selenium.remote.RemoteWebDriver.get(RemoteWebDriver.java:300)
	at steps.Login.i_am_on_the_homepage(Login.java:23)
	at ✽.I am on the Homepage(file:///C:/Users/amit.kumar/eclipse-workspace/MSIL/src/test/resources/features/createMessage.feature:4)
&amp#27;[0m
  &amp#27;[36mWhen &amp#27;[0m&amp#27;[36mI enter username &amp#27;[0m&amp#27;[36m&amp#27;[1m"55555@nishantsclub.onmicrosoft.com"&amp#27;[0m&amp#27;[36m and password &amp#27;[0m&amp#27;[36m&amp#27;[1m"@Redhat@735"&amp#27;[0m                      &amp#27;[90m# steps.Login.i_am_on_the_login_page(java.lang.String,java.lang.String)&amp#27;[0m
  &amp#27;[36mGiven &amp#27;[0m&amp#27;[36mI am on the Dashboard&amp#27;[0m                                                                                &amp#27;[90m# steps.CreateMessage.i_am_on_the_dashboard()&amp#27;[0m
  &amp#27;[36mWhen &amp#27;[0m&amp#27;[36mI am on the Message Page&amp#27;[0m                                                                              &amp#27;[90m# steps.CreateMessage.i_am_on_the_messagePage()&amp#27;[0m
  &amp#27;[36mAnd &amp#27;[0m&amp#27;[36mI enter details in the message form for title &amp#27;[0m&amp#27;[36m&amp#27;[1m"Message Title-6"&amp#27;[0m&amp#27;[36m and messagebody and status &amp#27;[0m&amp#27;[36m&amp#27;[1m"Published"&amp#27;[0m &amp#27;[90m# steps.CreateMessage.i_enter_details_in_the_message_form(java.lang.String,java.lang.String)&amp#27;[0m
]]></system-out>
  </testcase>
  <testcase name="runScenario[&quot;Login into the MSIL App&quot;, &quot;Optional[Login Feature]&quot;](7)" classname="runners.Runner" time="0.016">
    <failure message="no such window: target window already closed&#10;from unknown error: web view not found&#10;  (Session info: chrome=134.0.6998.89)&#10;Build info: version: &apos;4.22.0&apos;, revision: &apos;c5f3146703*&apos;&#10;System info: os.name: &apos;Windows 11&apos;, os.arch: &apos;amd64&apos;, os.version: &apos;10.0&apos;, java.version: &apos;22.0.1&apos;&#10;Driver info: org.openqa.selenium.chrome.ChromeDriver&#10;Command: [e3454b1114feb6a1852135a428f7be5d, get {url=https://msil-uat.kellton.net}]&#10;Capabilities {acceptInsecureCerts: false, browserName: chrome, browserVersion: 134.0.6998.89, chrome: {chromedriverVersion: 134.0.6998.90 (219ee74681fc..., userDataDir: C:\Users\AMIT~1.KUM\AppData...}, fedcm:accounts: true, goog:chromeOptions: {debuggerAddress: localhost:55465}, networkConnectionEnabled: false, pageLoadStrategy: normal, platformName: windows, proxy: Proxy(), se:cdp: ws://localhost:55465/devtoo..., se:cdpVersion: 134.0.6998.89, setWindowRect: true, strictFileInteractability: false, timeouts: {implicit: 0, pageLoad: 300000, script: 30000}, unhandledPromptBehavior: dismiss and notify, webauthn:extension:credBlob: true, webauthn:extension:largeBlob: true, webauthn:extension:minPinLength: true, webauthn:extension:prf: true, webauthn:virtualAuthenticators: true}&#10;Session ID: e3454b1114feb6a1852135a428f7be5d" type="org.openqa.selenium.NoSuchWindowException"><![CDATA[org.openqa.selenium.NoSuchWindowException: 
no such window: target window already closed
from unknown error: web view not found
  (Session info: chrome=134.0.6998.89)
Build info: version: '4.22.0', revision: 'c5f3146703*'
System info: os.name: 'Windows 11', os.arch: 'amd64', os.version: '10.0', java.version: '22.0.1'
Driver info: org.openqa.selenium.chrome.ChromeDriver
Command: [e3454b1114feb6a1852135a428f7be5d, get {url=https://msil-uat.kellton.net}]
Capabilities {acceptInsecureCerts: false, browserName: chrome, browserVersion: 134.0.6998.89, chrome: {chromedriverVersion: 134.0.6998.90 (219ee74681fc..., userDataDir: C:\Users\AMIT~1.KUM\AppData...}, fedcm:accounts: true, goog:chromeOptions: {debuggerAddress: localhost:55465}, networkConnectionEnabled: false, pageLoadStrategy: normal, platformName: windows, proxy: Proxy(), se:cdp: ws://localhost:55465/devtoo..., se:cdpVersion: 134.0.6998.89, setWindowRect: true, strictFileInteractability: false, timeouts: {implicit: 0, pageLoad: 300000, script: 30000}, unhandledPromptBehavior: dismiss and notify, webauthn:extension:credBlob: true, webauthn:extension:largeBlob: true, webauthn:extension:minPinLength: true, webauthn:extension:prf: true, webauthn:virtualAuthenticators: true}
Session ID: e3454b1114feb6a1852135a428f7be5d
]]></failure>
    <system-out><![CDATA[
Scenario Outline: Login into the MSIL App                                                                  &amp#27;[90m# src/test/resources/features/login.feature:12&amp#27;[0m
  &amp#27;[31mGiven &amp#27;[0m&amp#27;[31mI am on the Homepage&amp#27;[0m                                                                               &amp#27;[90m# steps.Login.i_am_on_the_homepage()&amp#27;[0m
      &amp#27;[31morg.openqa.selenium.NoSuchWindowException: no such window: target window already closed
from unknown error: web view not found
  (Session info: chrome=134.0.6998.89)
Build info: version: '4.22.0', revision: 'c5f3146703*'
System info: os.name: 'Windows 11', os.arch: 'amd64', os.version: '10.0', java.version: '22.0.1'
Driver info: org.openqa.selenium.chrome.ChromeDriver
Command: [e3454b1114feb6a1852135a428f7be5d, get {url=https://msil-uat.kellton.net}]
Capabilities {acceptInsecureCerts: false, browserName: chrome, browserVersion: 134.0.6998.89, chrome: {chromedriverVersion: 134.0.6998.90 (219ee74681fc..., userDataDir: C:\Users\AMIT~1.KUM\AppData...}, fedcm:accounts: true, goog:chromeOptions: {debuggerAddress: localhost:55465}, networkConnectionEnabled: false, pageLoadStrategy: normal, platformName: windows, proxy: Proxy(), se:cdp: ws://localhost:55465/devtoo..., se:cdpVersion: 134.0.6998.89, setWindowRect: true, strictFileInteractability: false, timeouts: {implicit: 0, pageLoad: 300000, script: 30000}, unhandledPromptBehavior: dismiss and notify, webauthn:extension:credBlob: true, webauthn:extension:largeBlob: true, webauthn:extension:minPinLength: true, webauthn:extension:prf: true, webauthn:virtualAuthenticators: true}
Session ID: e3454b1114feb6a1852135a428f7be5d
	at java.base/jdk.internal.reflect.DirectConstructorHandleAccessor.newInstance(DirectConstructorHandleAccessor.java:62)
	at java.base/java.lang.reflect.Constructor.newInstanceWithCaller(Constructor.java:502)
	at java.base/java.lang.reflect.Constructor.newInstance(Constructor.java:486)
	at org.openqa.selenium.remote.ErrorCodec.decode(ErrorCodec.java:167)
	at org.openqa.selenium.remote.codec.w3c.W3CHttpResponseCodec.decode(W3CHttpResponseCodec.java:138)
	at org.openqa.selenium.remote.codec.w3c.W3CHttpResponseCodec.decode(W3CHttpResponseCodec.java:50)
	at org.openqa.selenium.remote.HttpCommandExecutor.execute(HttpCommandExecutor.java:190)
	at org.openqa.selenium.remote.service.DriverCommandExecutor.invokeExecute(DriverCommandExecutor.java:216)
	at org.openqa.selenium.remote.service.DriverCommandExecutor.execute(DriverCommandExecutor.java:174)
	at org.openqa.selenium.remote.RemoteWebDriver.execute(RemoteWebDriver.java:518)
	at org.openqa.selenium.remote.RemoteWebDriver.get(RemoteWebDriver.java:300)
	at steps.Login.i_am_on_the_homepage(Login.java:23)
	at ✽.I am on the Homepage(file:///C:/Users/amit.kumar/eclipse-workspace/MSIL/src/test/resources/features/login.feature:4)
&amp#27;[0m
  &amp#27;[36mWhen &amp#27;[0m&amp#27;[36mI enter username &amp#27;[0m&amp#27;[36m&amp#27;[1m"23145@nishantsclub.onmicrosoft.com"&amp#27;[0m&amp#27;[36m and password &amp#27;[0m&amp#27;[36m&amp#27;[1m"@Redhat@735"&amp#27;[0m                    &amp#27;[90m# steps.Login.i_am_on_the_login_page(java.lang.String,java.lang.String)&amp#27;[0m
  &amp#27;[36mGiven &amp#27;[0m&amp#27;[36mI am on the Dashboard&amp#27;[0m                                                                              &amp#27;[90m# steps.CreateMessage.i_am_on_the_dashboard()&amp#27;[0m
  &amp#27;[36mWhen &amp#27;[0m&amp#27;[36mI am on the Message Page&amp#27;[0m                                                                            &amp#27;[90m# steps.CreateMessage.i_am_on_the_messagePage()&amp#27;[0m
  &amp#27;[36mAnd &amp#27;[0m&amp#27;[36mI enter details in the message form for title &amp#27;[0m&amp#27;[36m&amp#27;[1m"<messageTitle>"&amp#27;[0m&amp#27;[36m and messagebody and status &amp#27;[0m&amp#27;[36m&amp#27;[1m"<status>"&amp#27;[0m &amp#27;[90m# steps.CreateMessage.i_enter_details_in_the_message_form(java.lang.String,java.lang.String)&amp#27;[0m
]]></system-out>
  </testcase>
  <testcase name="runScenario[&quot;Login into the MSIL App&quot;, &quot;Optional[Login Feature]&quot;](8)" classname="runners.Runner" time="0.022">
    <failure message="no such window: target window already closed&#10;from unknown error: web view not found&#10;  (Session info: chrome=134.0.6998.89)&#10;Build info: version: &apos;4.22.0&apos;, revision: &apos;c5f3146703*&apos;&#10;System info: os.name: &apos;Windows 11&apos;, os.arch: &apos;amd64&apos;, os.version: &apos;10.0&apos;, java.version: &apos;22.0.1&apos;&#10;Driver info: org.openqa.selenium.chrome.ChromeDriver&#10;Command: [e3454b1114feb6a1852135a428f7be5d, get {url=https://msil-uat.kellton.net}]&#10;Capabilities {acceptInsecureCerts: false, browserName: chrome, browserVersion: 134.0.6998.89, chrome: {chromedriverVersion: 134.0.6998.90 (219ee74681fc..., userDataDir: C:\Users\AMIT~1.KUM\AppData...}, fedcm:accounts: true, goog:chromeOptions: {debuggerAddress: localhost:55465}, networkConnectionEnabled: false, pageLoadStrategy: normal, platformName: windows, proxy: Proxy(), se:cdp: ws://localhost:55465/devtoo..., se:cdpVersion: 134.0.6998.89, setWindowRect: true, strictFileInteractability: false, timeouts: {implicit: 0, pageLoad: 300000, script: 30000}, unhandledPromptBehavior: dismiss and notify, webauthn:extension:credBlob: true, webauthn:extension:largeBlob: true, webauthn:extension:minPinLength: true, webauthn:extension:prf: true, webauthn:virtualAuthenticators: true}&#10;Session ID: e3454b1114feb6a1852135a428f7be5d" type="org.openqa.selenium.NoSuchWindowException"><![CDATA[org.openqa.selenium.NoSuchWindowException: 
no such window: target window already closed
from unknown error: web view not found
  (Session info: chrome=134.0.6998.89)
Build info: version: '4.22.0', revision: 'c5f3146703*'
System info: os.name: 'Windows 11', os.arch: 'amd64', os.version: '10.0', java.version: '22.0.1'
Driver info: org.openqa.selenium.chrome.ChromeDriver
Command: [e3454b1114feb6a1852135a428f7be5d, get {url=https://msil-uat.kellton.net}]
Capabilities {acceptInsecureCerts: false, browserName: chrome, browserVersion: 134.0.6998.89, chrome: {chromedriverVersion: 134.0.6998.90 (219ee74681fc..., userDataDir: C:\Users\AMIT~1.KUM\AppData...}, fedcm:accounts: true, goog:chromeOptions: {debuggerAddress: localhost:55465}, networkConnectionEnabled: false, pageLoadStrategy: normal, platformName: windows, proxy: Proxy(), se:cdp: ws://localhost:55465/devtoo..., se:cdpVersion: 134.0.6998.89, setWindowRect: true, strictFileInteractability: false, timeouts: {implicit: 0, pageLoad: 300000, script: 30000}, unhandledPromptBehavior: dismiss and notify, webauthn:extension:credBlob: true, webauthn:extension:largeBlob: true, webauthn:extension:minPinLength: true, webauthn:extension:prf: true, webauthn:virtualAuthenticators: true}
Session ID: e3454b1114feb6a1852135a428f7be5d
]]></failure>
    <system-out><![CDATA[
Scenario Outline: Login into the MSIL App                                                                  &amp#27;[90m# src/test/resources/features/login.feature:13&amp#27;[0m
  &amp#27;[31mGiven &amp#27;[0m&amp#27;[31mI am on the Homepage&amp#27;[0m                                                                               &amp#27;[90m# steps.Login.i_am_on_the_homepage()&amp#27;[0m
      &amp#27;[31morg.openqa.selenium.NoSuchWindowException: no such window: target window already closed
from unknown error: web view not found
  (Session info: chrome=134.0.6998.89)
Build info: version: '4.22.0', revision: 'c5f3146703*'
System info: os.name: 'Windows 11', os.arch: 'amd64', os.version: '10.0', java.version: '22.0.1'
Driver info: org.openqa.selenium.chrome.ChromeDriver
Command: [e3454b1114feb6a1852135a428f7be5d, get {url=https://msil-uat.kellton.net}]
Capabilities {acceptInsecureCerts: false, browserName: chrome, browserVersion: 134.0.6998.89, chrome: {chromedriverVersion: 134.0.6998.90 (219ee74681fc..., userDataDir: C:\Users\AMIT~1.KUM\AppData...}, fedcm:accounts: true, goog:chromeOptions: {debuggerAddress: localhost:55465}, networkConnectionEnabled: false, pageLoadStrategy: normal, platformName: windows, proxy: Proxy(), se:cdp: ws://localhost:55465/devtoo..., se:cdpVersion: 134.0.6998.89, setWindowRect: true, strictFileInteractability: false, timeouts: {implicit: 0, pageLoad: 300000, script: 30000}, unhandledPromptBehavior: dismiss and notify, webauthn:extension:credBlob: true, webauthn:extension:largeBlob: true, webauthn:extension:minPinLength: true, webauthn:extension:prf: true, webauthn:virtualAuthenticators: true}
Session ID: e3454b1114feb6a1852135a428f7be5d
	at java.base/jdk.internal.reflect.DirectConstructorHandleAccessor.newInstance(DirectConstructorHandleAccessor.java:62)
	at java.base/java.lang.reflect.Constructor.newInstanceWithCaller(Constructor.java:502)
	at java.base/java.lang.reflect.Constructor.newInstance(Constructor.java:486)
	at org.openqa.selenium.remote.ErrorCodec.decode(ErrorCodec.java:167)
	at org.openqa.selenium.remote.codec.w3c.W3CHttpResponseCodec.decode(W3CHttpResponseCodec.java:138)
	at org.openqa.selenium.remote.codec.w3c.W3CHttpResponseCodec.decode(W3CHttpResponseCodec.java:50)
	at org.openqa.selenium.remote.HttpCommandExecutor.execute(HttpCommandExecutor.java:190)
	at org.openqa.selenium.remote.service.DriverCommandExecutor.invokeExecute(DriverCommandExecutor.java:216)
	at org.openqa.selenium.remote.service.DriverCommandExecutor.execute(DriverCommandExecutor.java:174)
	at org.openqa.selenium.remote.RemoteWebDriver.execute(RemoteWebDriver.java:518)
	at org.openqa.selenium.remote.RemoteWebDriver.get(RemoteWebDriver.java:300)
	at steps.Login.i_am_on_the_homepage(Login.java:23)
	at ✽.I am on the Homepage(file:///C:/Users/amit.kumar/eclipse-workspace/MSIL/src/test/resources/features/login.feature:4)
&amp#27;[0m
  &amp#27;[36mWhen &amp#27;[0m&amp#27;[36mI enter username &amp#27;[0m&amp#27;[36m&amp#27;[1m"78932@nishantsclub.onmicrosoft.com"&amp#27;[0m&amp#27;[36m and password &amp#27;[0m&amp#27;[36m&amp#27;[1m"@Redhat@735"&amp#27;[0m                    &amp#27;[90m# steps.Login.i_am_on_the_login_page(java.lang.String,java.lang.String)&amp#27;[0m
  &amp#27;[36mGiven &amp#27;[0m&amp#27;[36mI am on the Dashboard&amp#27;[0m                                                                              &amp#27;[90m# steps.CreateMessage.i_am_on_the_dashboard()&amp#27;[0m
  &amp#27;[36mWhen &amp#27;[0m&amp#27;[36mI am on the Message Page&amp#27;[0m                                                                            &amp#27;[90m# steps.CreateMessage.i_am_on_the_messagePage()&amp#27;[0m
  &amp#27;[36mAnd &amp#27;[0m&amp#27;[36mI enter details in the message form for title &amp#27;[0m&amp#27;[36m&amp#27;[1m"<messageTitle>"&amp#27;[0m&amp#27;[36m and messagebody and status &amp#27;[0m&amp#27;[36m&amp#27;[1m"<status>"&amp#27;[0m &amp#27;[90m# steps.CreateMessage.i_enter_details_in_the_message_form(java.lang.String,java.lang.String)&amp#27;[0m
]]></system-out>
  </testcase>
  <testcase name="runScenario[&quot;Login into the MSIL App&quot;, &quot;Optional[Login Feature]&quot;](9)" classname="runners.Runner" time="0.02">
    <failure message="no such window: target window already closed&#10;from unknown error: web view not found&#10;  (Session info: chrome=134.0.6998.89)&#10;Build info: version: &apos;4.22.0&apos;, revision: &apos;c5f3146703*&apos;&#10;System info: os.name: &apos;Windows 11&apos;, os.arch: &apos;amd64&apos;, os.version: &apos;10.0&apos;, java.version: &apos;22.0.1&apos;&#10;Driver info: org.openqa.selenium.chrome.ChromeDriver&#10;Command: [e3454b1114feb6a1852135a428f7be5d, get {url=https://msil-uat.kellton.net}]&#10;Capabilities {acceptInsecureCerts: false, browserName: chrome, browserVersion: 134.0.6998.89, chrome: {chromedriverVersion: 134.0.6998.90 (219ee74681fc..., userDataDir: C:\Users\AMIT~1.KUM\AppData...}, fedcm:accounts: true, goog:chromeOptions: {debuggerAddress: localhost:55465}, networkConnectionEnabled: false, pageLoadStrategy: normal, platformName: windows, proxy: Proxy(), se:cdp: ws://localhost:55465/devtoo..., se:cdpVersion: 134.0.6998.89, setWindowRect: true, strictFileInteractability: false, timeouts: {implicit: 0, pageLoad: 300000, script: 30000}, unhandledPromptBehavior: dismiss and notify, webauthn:extension:credBlob: true, webauthn:extension:largeBlob: true, webauthn:extension:minPinLength: true, webauthn:extension:prf: true, webauthn:virtualAuthenticators: true}&#10;Session ID: e3454b1114feb6a1852135a428f7be5d" type="org.openqa.selenium.NoSuchWindowException"><![CDATA[org.openqa.selenium.NoSuchWindowException: 
no such window: target window already closed
from unknown error: web view not found
  (Session info: chrome=134.0.6998.89)
Build info: version: '4.22.0', revision: 'c5f3146703*'
System info: os.name: 'Windows 11', os.arch: 'amd64', os.version: '10.0', java.version: '22.0.1'
Driver info: org.openqa.selenium.chrome.ChromeDriver
Command: [e3454b1114feb6a1852135a428f7be5d, get {url=https://msil-uat.kellton.net}]
Capabilities {acceptInsecureCerts: false, browserName: chrome, browserVersion: 134.0.6998.89, chrome: {chromedriverVersion: 134.0.6998.90 (219ee74681fc..., userDataDir: C:\Users\AMIT~1.KUM\AppData...}, fedcm:accounts: true, goog:chromeOptions: {debuggerAddress: localhost:55465}, networkConnectionEnabled: false, pageLoadStrategy: normal, platformName: windows, proxy: Proxy(), se:cdp: ws://localhost:55465/devtoo..., se:cdpVersion: 134.0.6998.89, setWindowRect: true, strictFileInteractability: false, timeouts: {implicit: 0, pageLoad: 300000, script: 30000}, unhandledPromptBehavior: dismiss and notify, webauthn:extension:credBlob: true, webauthn:extension:largeBlob: true, webauthn:extension:minPinLength: true, webauthn:extension:prf: true, webauthn:virtualAuthenticators: true}
Session ID: e3454b1114feb6a1852135a428f7be5d
]]></failure>
    <system-out><![CDATA[
Scenario Outline: Login into the MSIL App                                                                  &amp#27;[90m# src/test/resources/features/login.feature:14&amp#27;[0m
  &amp#27;[31mGiven &amp#27;[0m&amp#27;[31mI am on the Homepage&amp#27;[0m                                                                               &amp#27;[90m# steps.Login.i_am_on_the_homepage()&amp#27;[0m
      &amp#27;[31morg.openqa.selenium.NoSuchWindowException: no such window: target window already closed
from unknown error: web view not found
  (Session info: chrome=134.0.6998.89)
Build info: version: '4.22.0', revision: 'c5f3146703*'
System info: os.name: 'Windows 11', os.arch: 'amd64', os.version: '10.0', java.version: '22.0.1'
Driver info: org.openqa.selenium.chrome.ChromeDriver
Command: [e3454b1114feb6a1852135a428f7be5d, get {url=https://msil-uat.kellton.net}]
Capabilities {acceptInsecureCerts: false, browserName: chrome, browserVersion: 134.0.6998.89, chrome: {chromedriverVersion: 134.0.6998.90 (219ee74681fc..., userDataDir: C:\Users\AMIT~1.KUM\AppData...}, fedcm:accounts: true, goog:chromeOptions: {debuggerAddress: localhost:55465}, networkConnectionEnabled: false, pageLoadStrategy: normal, platformName: windows, proxy: Proxy(), se:cdp: ws://localhost:55465/devtoo..., se:cdpVersion: 134.0.6998.89, setWindowRect: true, strictFileInteractability: false, timeouts: {implicit: 0, pageLoad: 300000, script: 30000}, unhandledPromptBehavior: dismiss and notify, webauthn:extension:credBlob: true, webauthn:extension:largeBlob: true, webauthn:extension:minPinLength: true, webauthn:extension:prf: true, webauthn:virtualAuthenticators: true}
Session ID: e3454b1114feb6a1852135a428f7be5d
	at java.base/jdk.internal.reflect.DirectConstructorHandleAccessor.newInstance(DirectConstructorHandleAccessor.java:62)
	at java.base/java.lang.reflect.Constructor.newInstanceWithCaller(Constructor.java:502)
	at java.base/java.lang.reflect.Constructor.newInstance(Constructor.java:486)
	at org.openqa.selenium.remote.ErrorCodec.decode(ErrorCodec.java:167)
	at org.openqa.selenium.remote.codec.w3c.W3CHttpResponseCodec.decode(W3CHttpResponseCodec.java:138)
	at org.openqa.selenium.remote.codec.w3c.W3CHttpResponseCodec.decode(W3CHttpResponseCodec.java:50)
	at org.openqa.selenium.remote.HttpCommandExecutor.execute(HttpCommandExecutor.java:190)
	at org.openqa.selenium.remote.service.DriverCommandExecutor.invokeExecute(DriverCommandExecutor.java:216)
	at org.openqa.selenium.remote.service.DriverCommandExecutor.execute(DriverCommandExecutor.java:174)
	at org.openqa.selenium.remote.RemoteWebDriver.execute(RemoteWebDriver.java:518)
	at org.openqa.selenium.remote.RemoteWebDriver.get(RemoteWebDriver.java:300)
	at steps.Login.i_am_on_the_homepage(Login.java:23)
	at ✽.I am on the Homepage(file:///C:/Users/amit.kumar/eclipse-workspace/MSIL/src/test/resources/features/login.feature:4)
&amp#27;[0m
  &amp#27;[36mWhen &amp#27;[0m&amp#27;[36mI enter username &amp#27;[0m&amp#27;[36m&amp#27;[1m"90217@nishantsclub.onmicrosoft.com"&amp#27;[0m&amp#27;[36m and password &amp#27;[0m&amp#27;[36m&amp#27;[1m"@Redhat@735"&amp#27;[0m                    &amp#27;[90m# steps.Login.i_am_on_the_login_page(java.lang.String,java.lang.String)&amp#27;[0m
  &amp#27;[36mGiven &amp#27;[0m&amp#27;[36mI am on the Dashboard&amp#27;[0m                                                                              &amp#27;[90m# steps.CreateMessage.i_am_on_the_dashboard()&amp#27;[0m
  &amp#27;[36mWhen &amp#27;[0m&amp#27;[36mI am on the Message Page&amp#27;[0m                                                                            &amp#27;[90m# steps.CreateMessage.i_am_on_the_messagePage()&amp#27;[0m
  &amp#27;[36mAnd &amp#27;[0m&amp#27;[36mI enter details in the message form for title &amp#27;[0m&amp#27;[36m&amp#27;[1m"<messageTitle>"&amp#27;[0m&amp#27;[36m and messagebody and status &amp#27;[0m&amp#27;[36m&amp#27;[1m"<status>"&amp#27;[0m &amp#27;[90m# steps.CreateMessage.i_enter_details_in_the_message_form(java.lang.String,java.lang.String)&amp#27;[0m
]]></system-out>
  </testcase>
  <testcase name="runScenario[&quot;Login into the MSIL App&quot;, &quot;Optional[Login Feature]&quot;](10)" classname="runners.Runner" time="0.025">
    <failure message="no such window: target window already closed&#10;from unknown error: web view not found&#10;  (Session info: chrome=134.0.6998.89)&#10;Build info: version: &apos;4.22.0&apos;, revision: &apos;c5f3146703*&apos;&#10;System info: os.name: &apos;Windows 11&apos;, os.arch: &apos;amd64&apos;, os.version: &apos;10.0&apos;, java.version: &apos;22.0.1&apos;&#10;Driver info: org.openqa.selenium.chrome.ChromeDriver&#10;Command: [e3454b1114feb6a1852135a428f7be5d, get {url=https://msil-uat.kellton.net}]&#10;Capabilities {acceptInsecureCerts: false, browserName: chrome, browserVersion: 134.0.6998.89, chrome: {chromedriverVersion: 134.0.6998.90 (219ee74681fc..., userDataDir: C:\Users\AMIT~1.KUM\AppData...}, fedcm:accounts: true, goog:chromeOptions: {debuggerAddress: localhost:55465}, networkConnectionEnabled: false, pageLoadStrategy: normal, platformName: windows, proxy: Proxy(), se:cdp: ws://localhost:55465/devtoo..., se:cdpVersion: 134.0.6998.89, setWindowRect: true, strictFileInteractability: false, timeouts: {implicit: 0, pageLoad: 300000, script: 30000}, unhandledPromptBehavior: dismiss and notify, webauthn:extension:credBlob: true, webauthn:extension:largeBlob: true, webauthn:extension:minPinLength: true, webauthn:extension:prf: true, webauthn:virtualAuthenticators: true}&#10;Session ID: e3454b1114feb6a1852135a428f7be5d" type="org.openqa.selenium.NoSuchWindowException"><![CDATA[org.openqa.selenium.NoSuchWindowException: 
no such window: target window already closed
from unknown error: web view not found
  (Session info: chrome=134.0.6998.89)
Build info: version: '4.22.0', revision: 'c5f3146703*'
System info: os.name: 'Windows 11', os.arch: 'amd64', os.version: '10.0', java.version: '22.0.1'
Driver info: org.openqa.selenium.chrome.ChromeDriver
Command: [e3454b1114feb6a1852135a428f7be5d, get {url=https://msil-uat.kellton.net}]
Capabilities {acceptInsecureCerts: false, browserName: chrome, browserVersion: 134.0.6998.89, chrome: {chromedriverVersion: 134.0.6998.90 (219ee74681fc..., userDataDir: C:\Users\AMIT~1.KUM\AppData...}, fedcm:accounts: true, goog:chromeOptions: {debuggerAddress: localhost:55465}, networkConnectionEnabled: false, pageLoadStrategy: normal, platformName: windows, proxy: Proxy(), se:cdp: ws://localhost:55465/devtoo..., se:cdpVersion: 134.0.6998.89, setWindowRect: true, strictFileInteractability: false, timeouts: {implicit: 0, pageLoad: 300000, script: 30000}, unhandledPromptBehavior: dismiss and notify, webauthn:extension:credBlob: true, webauthn:extension:largeBlob: true, webauthn:extension:minPinLength: true, webauthn:extension:prf: true, webauthn:virtualAuthenticators: true}
Session ID: e3454b1114feb6a1852135a428f7be5d
]]></failure>
    <system-out><![CDATA[
Scenario Outline: Login into the MSIL App                                                                  &amp#27;[90m# src/test/resources/features/login.feature:15&amp#27;[0m
  &amp#27;[31mGiven &amp#27;[0m&amp#27;[31mI am on the Homepage&amp#27;[0m                                                                               &amp#27;[90m# steps.Login.i_am_on_the_homepage()&amp#27;[0m
      &amp#27;[31morg.openqa.selenium.NoSuchWindowException: no such window: target window already closed
from unknown error: web view not found
  (Session info: chrome=134.0.6998.89)
Build info: version: '4.22.0', revision: 'c5f3146703*'
System info: os.name: 'Windows 11', os.arch: 'amd64', os.version: '10.0', java.version: '22.0.1'
Driver info: org.openqa.selenium.chrome.ChromeDriver
Command: [e3454b1114feb6a1852135a428f7be5d, get {url=https://msil-uat.kellton.net}]
Capabilities {acceptInsecureCerts: false, browserName: chrome, browserVersion: 134.0.6998.89, chrome: {chromedriverVersion: 134.0.6998.90 (219ee74681fc..., userDataDir: C:\Users\AMIT~1.KUM\AppData...}, fedcm:accounts: true, goog:chromeOptions: {debuggerAddress: localhost:55465}, networkConnectionEnabled: false, pageLoadStrategy: normal, platformName: windows, proxy: Proxy(), se:cdp: ws://localhost:55465/devtoo..., se:cdpVersion: 134.0.6998.89, setWindowRect: true, strictFileInteractability: false, timeouts: {implicit: 0, pageLoad: 300000, script: 30000}, unhandledPromptBehavior: dismiss and notify, webauthn:extension:credBlob: true, webauthn:extension:largeBlob: true, webauthn:extension:minPinLength: true, webauthn:extension:prf: true, webauthn:virtualAuthenticators: true}
Session ID: e3454b1114feb6a1852135a428f7be5d
	at java.base/jdk.internal.reflect.DirectConstructorHandleAccessor.newInstance(DirectConstructorHandleAccessor.java:62)
	at java.base/java.lang.reflect.Constructor.newInstanceWithCaller(Constructor.java:502)
	at java.base/java.lang.reflect.Constructor.newInstance(Constructor.java:486)
	at org.openqa.selenium.remote.ErrorCodec.decode(ErrorCodec.java:167)
	at org.openqa.selenium.remote.codec.w3c.W3CHttpResponseCodec.decode(W3CHttpResponseCodec.java:138)
	at org.openqa.selenium.remote.codec.w3c.W3CHttpResponseCodec.decode(W3CHttpResponseCodec.java:50)
	at org.openqa.selenium.remote.HttpCommandExecutor.execute(HttpCommandExecutor.java:190)
	at org.openqa.selenium.remote.service.DriverCommandExecutor.invokeExecute(DriverCommandExecutor.java:216)
	at org.openqa.selenium.remote.service.DriverCommandExecutor.execute(DriverCommandExecutor.java:174)
	at org.openqa.selenium.remote.RemoteWebDriver.execute(RemoteWebDriver.java:518)
	at org.openqa.selenium.remote.RemoteWebDriver.get(RemoteWebDriver.java:300)
	at steps.Login.i_am_on_the_homepage(Login.java:23)
	at ✽.I am on the Homepage(file:///C:/Users/amit.kumar/eclipse-workspace/MSIL/src/test/resources/features/login.feature:4)
&amp#27;[0m
  &amp#27;[36mWhen &amp#27;[0m&amp#27;[36mI enter username &amp#27;[0m&amp#27;[36m&amp#27;[1m"77777@nishantsclub.onmicrosoft.com"&amp#27;[0m&amp#27;[36m and password &amp#27;[0m&amp#27;[36m&amp#27;[1m"@Redhat@735"&amp#27;[0m                    &amp#27;[90m# steps.Login.i_am_on_the_login_page(java.lang.String,java.lang.String)&amp#27;[0m
  &amp#27;[36mGiven &amp#27;[0m&amp#27;[36mI am on the Dashboard&amp#27;[0m                                                                              &amp#27;[90m# steps.CreateMessage.i_am_on_the_dashboard()&amp#27;[0m
  &amp#27;[36mWhen &amp#27;[0m&amp#27;[36mI am on the Message Page&amp#27;[0m                                                                            &amp#27;[90m# steps.CreateMessage.i_am_on_the_messagePage()&amp#27;[0m
  &amp#27;[36mAnd &amp#27;[0m&amp#27;[36mI enter details in the message form for title &amp#27;[0m&amp#27;[36m&amp#27;[1m"<messageTitle>"&amp#27;[0m&amp#27;[36m and messagebody and status &amp#27;[0m&amp#27;[36m&amp#27;[1m"<status>"&amp#27;[0m &amp#27;[90m# steps.CreateMessage.i_enter_details_in_the_message_form(java.lang.String,java.lang.String)&amp#27;[0m
]]></system-out>
  </testcase>
  <testcase name="runScenario[&quot;Login into the MSIL App&quot;, &quot;Optional[Login Feature]&quot;](11)" classname="runners.Runner" time="0.028">
    <failure message="no such window: target window already closed&#10;from unknown error: web view not found&#10;  (Session info: chrome=134.0.6998.89)&#10;Build info: version: &apos;4.22.0&apos;, revision: &apos;c5f3146703*&apos;&#10;System info: os.name: &apos;Windows 11&apos;, os.arch: &apos;amd64&apos;, os.version: &apos;10.0&apos;, java.version: &apos;22.0.1&apos;&#10;Driver info: org.openqa.selenium.chrome.ChromeDriver&#10;Command: [e3454b1114feb6a1852135a428f7be5d, get {url=https://msil-uat.kellton.net}]&#10;Capabilities {acceptInsecureCerts: false, browserName: chrome, browserVersion: 134.0.6998.89, chrome: {chromedriverVersion: 134.0.6998.90 (219ee74681fc..., userDataDir: C:\Users\AMIT~1.KUM\AppData...}, fedcm:accounts: true, goog:chromeOptions: {debuggerAddress: localhost:55465}, networkConnectionEnabled: false, pageLoadStrategy: normal, platformName: windows, proxy: Proxy(), se:cdp: ws://localhost:55465/devtoo..., se:cdpVersion: 134.0.6998.89, setWindowRect: true, strictFileInteractability: false, timeouts: {implicit: 0, pageLoad: 300000, script: 30000}, unhandledPromptBehavior: dismiss and notify, webauthn:extension:credBlob: true, webauthn:extension:largeBlob: true, webauthn:extension:minPinLength: true, webauthn:extension:prf: true, webauthn:virtualAuthenticators: true}&#10;Session ID: e3454b1114feb6a1852135a428f7be5d" type="org.openqa.selenium.NoSuchWindowException"><![CDATA[org.openqa.selenium.NoSuchWindowException: 
no such window: target window already closed
from unknown error: web view not found
  (Session info: chrome=134.0.6998.89)
Build info: version: '4.22.0', revision: 'c5f3146703*'
System info: os.name: 'Windows 11', os.arch: 'amd64', os.version: '10.0', java.version: '22.0.1'
Driver info: org.openqa.selenium.chrome.ChromeDriver
Command: [e3454b1114feb6a1852135a428f7be5d, get {url=https://msil-uat.kellton.net}]
Capabilities {acceptInsecureCerts: false, browserName: chrome, browserVersion: 134.0.6998.89, chrome: {chromedriverVersion: 134.0.6998.90 (219ee74681fc..., userDataDir: C:\Users\AMIT~1.KUM\AppData...}, fedcm:accounts: true, goog:chromeOptions: {debuggerAddress: localhost:55465}, networkConnectionEnabled: false, pageLoadStrategy: normal, platformName: windows, proxy: Proxy(), se:cdp: ws://localhost:55465/devtoo..., se:cdpVersion: 134.0.6998.89, setWindowRect: true, strictFileInteractability: false, timeouts: {implicit: 0, pageLoad: 300000, script: 30000}, unhandledPromptBehavior: dismiss and notify, webauthn:extension:credBlob: true, webauthn:extension:largeBlob: true, webauthn:extension:minPinLength: true, webauthn:extension:prf: true, webauthn:virtualAuthenticators: true}
Session ID: e3454b1114feb6a1852135a428f7be5d
]]></failure>
    <system-out><![CDATA[
Scenario Outline: Login into the MSIL App                                                                  &amp#27;[90m# src/test/resources/features/login.feature:16&amp#27;[0m
  &amp#27;[31mGiven &amp#27;[0m&amp#27;[31mI am on the Homepage&amp#27;[0m                                                                               &amp#27;[90m# steps.Login.i_am_on_the_homepage()&amp#27;[0m
      &amp#27;[31morg.openqa.selenium.NoSuchWindowException: no such window: target window already closed
from unknown error: web view not found
  (Session info: chrome=134.0.6998.89)
Build info: version: '4.22.0', revision: 'c5f3146703*'
System info: os.name: 'Windows 11', os.arch: 'amd64', os.version: '10.0', java.version: '22.0.1'
Driver info: org.openqa.selenium.chrome.ChromeDriver
Command: [e3454b1114feb6a1852135a428f7be5d, get {url=https://msil-uat.kellton.net}]
Capabilities {acceptInsecureCerts: false, browserName: chrome, browserVersion: 134.0.6998.89, chrome: {chromedriverVersion: 134.0.6998.90 (219ee74681fc..., userDataDir: C:\Users\AMIT~1.KUM\AppData...}, fedcm:accounts: true, goog:chromeOptions: {debuggerAddress: localhost:55465}, networkConnectionEnabled: false, pageLoadStrategy: normal, platformName: windows, proxy: Proxy(), se:cdp: ws://localhost:55465/devtoo..., se:cdpVersion: 134.0.6998.89, setWindowRect: true, strictFileInteractability: false, timeouts: {implicit: 0, pageLoad: 300000, script: 30000}, unhandledPromptBehavior: dismiss and notify, webauthn:extension:credBlob: true, webauthn:extension:largeBlob: true, webauthn:extension:minPinLength: true, webauthn:extension:prf: true, webauthn:virtualAuthenticators: true}
Session ID: e3454b1114feb6a1852135a428f7be5d
	at java.base/jdk.internal.reflect.DirectConstructorHandleAccessor.newInstance(DirectConstructorHandleAccessor.java:62)
	at java.base/java.lang.reflect.Constructor.newInstanceWithCaller(Constructor.java:502)
	at java.base/java.lang.reflect.Constructor.newInstance(Constructor.java:486)
	at org.openqa.selenium.remote.ErrorCodec.decode(ErrorCodec.java:167)
	at org.openqa.selenium.remote.codec.w3c.W3CHttpResponseCodec.decode(W3CHttpResponseCodec.java:138)
	at org.openqa.selenium.remote.codec.w3c.W3CHttpResponseCodec.decode(W3CHttpResponseCodec.java:50)
	at org.openqa.selenium.remote.HttpCommandExecutor.execute(HttpCommandExecutor.java:190)
	at org.openqa.selenium.remote.service.DriverCommandExecutor.invokeExecute(DriverCommandExecutor.java:216)
	at org.openqa.selenium.remote.service.DriverCommandExecutor.execute(DriverCommandExecutor.java:174)
	at org.openqa.selenium.remote.RemoteWebDriver.execute(RemoteWebDriver.java:518)
	at org.openqa.selenium.remote.RemoteWebDriver.get(RemoteWebDriver.java:300)
	at steps.Login.i_am_on_the_homepage(Login.java:23)
	at ✽.I am on the Homepage(file:///C:/Users/amit.kumar/eclipse-workspace/MSIL/src/test/resources/features/login.feature:4)
&amp#27;[0m
  &amp#27;[36mWhen &amp#27;[0m&amp#27;[36mI enter username &amp#27;[0m&amp#27;[36m&amp#27;[1m"11111@nishantsclub.onmicrosoft.com"&amp#27;[0m&amp#27;[36m and password &amp#27;[0m&amp#27;[36m&amp#27;[1m"@Redhat@735"&amp#27;[0m                    &amp#27;[90m# steps.Login.i_am_on_the_login_page(java.lang.String,java.lang.String)&amp#27;[0m
  &amp#27;[36mGiven &amp#27;[0m&amp#27;[36mI am on the Dashboard&amp#27;[0m                                                                              &amp#27;[90m# steps.CreateMessage.i_am_on_the_dashboard()&amp#27;[0m
  &amp#27;[36mWhen &amp#27;[0m&amp#27;[36mI am on the Message Page&amp#27;[0m                                                                            &amp#27;[90m# steps.CreateMessage.i_am_on_the_messagePage()&amp#27;[0m
  &amp#27;[36mAnd &amp#27;[0m&amp#27;[36mI enter details in the message form for title &amp#27;[0m&amp#27;[36m&amp#27;[1m"<messageTitle>"&amp#27;[0m&amp#27;[36m and messagebody and status &amp#27;[0m&amp#27;[36m&amp#27;[1m"<status>"&amp#27;[0m &amp#27;[90m# steps.CreateMessage.i_enter_details_in_the_message_form(java.lang.String,java.lang.String)&amp#27;[0m
]]></system-out>
  </testcase>
  <testcase name="runScenario[&quot;Login into the MSIL App&quot;, &quot;Optional[Login Feature]&quot;](12)" classname="runners.Runner" time="0.027">
    <failure message="no such window: target window already closed&#10;from unknown error: web view not found&#10;  (Session info: chrome=134.0.6998.89)&#10;Build info: version: &apos;4.22.0&apos;, revision: &apos;c5f3146703*&apos;&#10;System info: os.name: &apos;Windows 11&apos;, os.arch: &apos;amd64&apos;, os.version: &apos;10.0&apos;, java.version: &apos;22.0.1&apos;&#10;Driver info: org.openqa.selenium.chrome.ChromeDriver&#10;Command: [e3454b1114feb6a1852135a428f7be5d, get {url=https://msil-uat.kellton.net}]&#10;Capabilities {acceptInsecureCerts: false, browserName: chrome, browserVersion: 134.0.6998.89, chrome: {chromedriverVersion: 134.0.6998.90 (219ee74681fc..., userDataDir: C:\Users\AMIT~1.KUM\AppData...}, fedcm:accounts: true, goog:chromeOptions: {debuggerAddress: localhost:55465}, networkConnectionEnabled: false, pageLoadStrategy: normal, platformName: windows, proxy: Proxy(), se:cdp: ws://localhost:55465/devtoo..., se:cdpVersion: 134.0.6998.89, setWindowRect: true, strictFileInteractability: false, timeouts: {implicit: 0, pageLoad: 300000, script: 30000}, unhandledPromptBehavior: dismiss and notify, webauthn:extension:credBlob: true, webauthn:extension:largeBlob: true, webauthn:extension:minPinLength: true, webauthn:extension:prf: true, webauthn:virtualAuthenticators: true}&#10;Session ID: e3454b1114feb6a1852135a428f7be5d" type="org.openqa.selenium.NoSuchWindowException"><![CDATA[org.openqa.selenium.NoSuchWindowException: 
no such window: target window already closed
from unknown error: web view not found
  (Session info: chrome=134.0.6998.89)
Build info: version: '4.22.0', revision: 'c5f3146703*'
System info: os.name: 'Windows 11', os.arch: 'amd64', os.version: '10.0', java.version: '22.0.1'
Driver info: org.openqa.selenium.chrome.ChromeDriver
Command: [e3454b1114feb6a1852135a428f7be5d, get {url=https://msil-uat.kellton.net}]
Capabilities {acceptInsecureCerts: false, browserName: chrome, browserVersion: 134.0.6998.89, chrome: {chromedriverVersion: 134.0.6998.90 (219ee74681fc..., userDataDir: C:\Users\AMIT~1.KUM\AppData...}, fedcm:accounts: true, goog:chromeOptions: {debuggerAddress: localhost:55465}, networkConnectionEnabled: false, pageLoadStrategy: normal, platformName: windows, proxy: Proxy(), se:cdp: ws://localhost:55465/devtoo..., se:cdpVersion: 134.0.6998.89, setWindowRect: true, strictFileInteractability: false, timeouts: {implicit: 0, pageLoad: 300000, script: 30000}, unhandledPromptBehavior: dismiss and notify, webauthn:extension:credBlob: true, webauthn:extension:largeBlob: true, webauthn:extension:minPinLength: true, webauthn:extension:prf: true, webauthn:virtualAuthenticators: true}
Session ID: e3454b1114feb6a1852135a428f7be5d
]]></failure>
    <system-out><![CDATA[
Scenario Outline: Login into the MSIL App                                                                  &amp#27;[90m# src/test/resources/features/login.feature:17&amp#27;[0m
  &amp#27;[31mGiven &amp#27;[0m&amp#27;[31mI am on the Homepage&amp#27;[0m                                                                               &amp#27;[90m# steps.Login.i_am_on_the_homepage()&amp#27;[0m
      &amp#27;[31morg.openqa.selenium.NoSuchWindowException: no such window: target window already closed
from unknown error: web view not found
  (Session info: chrome=134.0.6998.89)
Build info: version: '4.22.0', revision: 'c5f3146703*'
System info: os.name: 'Windows 11', os.arch: 'amd64', os.version: '10.0', java.version: '22.0.1'
Driver info: org.openqa.selenium.chrome.ChromeDriver
Command: [e3454b1114feb6a1852135a428f7be5d, get {url=https://msil-uat.kellton.net}]
Capabilities {acceptInsecureCerts: false, browserName: chrome, browserVersion: 134.0.6998.89, chrome: {chromedriverVersion: 134.0.6998.90 (219ee74681fc..., userDataDir: C:\Users\AMIT~1.KUM\AppData...}, fedcm:accounts: true, goog:chromeOptions: {debuggerAddress: localhost:55465}, networkConnectionEnabled: false, pageLoadStrategy: normal, platformName: windows, proxy: Proxy(), se:cdp: ws://localhost:55465/devtoo..., se:cdpVersion: 134.0.6998.89, setWindowRect: true, strictFileInteractability: false, timeouts: {implicit: 0, pageLoad: 300000, script: 30000}, unhandledPromptBehavior: dismiss and notify, webauthn:extension:credBlob: true, webauthn:extension:largeBlob: true, webauthn:extension:minPinLength: true, webauthn:extension:prf: true, webauthn:virtualAuthenticators: true}
Session ID: e3454b1114feb6a1852135a428f7be5d
	at java.base/jdk.internal.reflect.DirectConstructorHandleAccessor.newInstance(DirectConstructorHandleAccessor.java:62)
	at java.base/java.lang.reflect.Constructor.newInstanceWithCaller(Constructor.java:502)
	at java.base/java.lang.reflect.Constructor.newInstance(Constructor.java:486)
	at org.openqa.selenium.remote.ErrorCodec.decode(ErrorCodec.java:167)
	at org.openqa.selenium.remote.codec.w3c.W3CHttpResponseCodec.decode(W3CHttpResponseCodec.java:138)
	at org.openqa.selenium.remote.codec.w3c.W3CHttpResponseCodec.decode(W3CHttpResponseCodec.java:50)
	at org.openqa.selenium.remote.HttpCommandExecutor.execute(HttpCommandExecutor.java:190)
	at org.openqa.selenium.remote.service.DriverCommandExecutor.invokeExecute(DriverCommandExecutor.java:216)
	at org.openqa.selenium.remote.service.DriverCommandExecutor.execute(DriverCommandExecutor.java:174)
	at org.openqa.selenium.remote.RemoteWebDriver.execute(RemoteWebDriver.java:518)
	at org.openqa.selenium.remote.RemoteWebDriver.get(RemoteWebDriver.java:300)
	at steps.Login.i_am_on_the_homepage(Login.java:23)
	at ✽.I am on the Homepage(file:///C:/Users/amit.kumar/eclipse-workspace/MSIL/src/test/resources/features/login.feature:4)
&amp#27;[0m
  &amp#27;[36mWhen &amp#27;[0m&amp#27;[36mI enter username &amp#27;[0m&amp#27;[36m&amp#27;[1m"55555@nishantsclub.onmicrosoft.com"&amp#27;[0m&amp#27;[36m and password &amp#27;[0m&amp#27;[36m&amp#27;[1m"@Redhat@735"&amp#27;[0m                    &amp#27;[90m# steps.Login.i_am_on_the_login_page(java.lang.String,java.lang.String)&amp#27;[0m
  &amp#27;[36mGiven &amp#27;[0m&amp#27;[36mI am on the Dashboard&amp#27;[0m                                                                              &amp#27;[90m# steps.CreateMessage.i_am_on_the_dashboard()&amp#27;[0m
  &amp#27;[36mWhen &amp#27;[0m&amp#27;[36mI am on the Message Page&amp#27;[0m                                                                            &amp#27;[90m# steps.CreateMessage.i_am_on_the_messagePage()&amp#27;[0m
  &amp#27;[36mAnd &amp#27;[0m&amp#27;[36mI enter details in the message form for title &amp#27;[0m&amp#27;[36m&amp#27;[1m"<messageTitle>"&amp#27;[0m&amp#27;[36m and messagebody and status &amp#27;[0m&amp#27;[36m&amp#27;[1m"<status>"&amp#27;[0m &amp#27;[90m# steps.CreateMessage.i_enter_details_in_the_message_form(java.lang.String,java.lang.String)&amp#27;[0m
]]></system-out>
  </testcase>
</testsuite>