<?xml version="1.0" encoding="UTF-8"?>
<testng-results ignored="0" total="12" passed="12" failed="0" skipped="0">
  <reporter-output>
  </reporter-output>
  <suite started-at="2025-03-29T15:23:24 IST" name="MSIL" finished-at="2025-03-29T15:25:57 IST" duration-ms="152734">
    <groups>
      <group name="cucumber">
        <method signature="AbstractTestNGCucumberTests.runScenario(io.cucumber.testng.PickleWrapper,io.cucumber.testng.FeatureWrapper)[pri:0, instance:runners.Runner@19bb07ed]" name="runScenario" class="io.cucumber.testng.AbstractTestNGCucumberTests"/>
      </group> <!-- cucumber -->
    </groups>
    <test started-at="2025-03-29T15:23:24 IST" name="MSIL" finished-at="2025-03-29T15:25:57 IST" duration-ms="152734">
      <class name="runners.Runner">
        <test-method is-config="true" signature="setUpClass()[pri:0, instance:runners.Runner@19bb07ed]" started-at="2025-03-29T15:23:24 IST" name="setUpClass" finished-at="2025-03-29T15:23:25 IST" duration-ms="183" status="PASS">
          <reporter-output>
          </reporter-output>
        </test-method> <!-- setUpClass -->
        <test-method signature="runScenario(io.cucumber.testng.PickleWrapper,io.cucumber.testng.FeatureWrapper)[pri:0, instance:runners.Runner@19bb07ed]" started-at="2025-03-29T15:23:25 IST" name="runScenario" description="Runs Cucumber Scenarios" data-provider="scenarios" finished-at="2025-03-29T15:23:37 IST" duration-ms="12002" status="PASS">
          <params>
            <param index="0">
              <value>
                <![CDATA["Log in to the MSIL App using the Admin credentials."]]>
              </value>
            </param>
            <param index="1">
              <value>
                <![CDATA["Optional[Login functionality]"]]>
              </value>
            </param>
          </params>
          <reporter-output>
          </reporter-output>
        </test-method> <!-- runScenario -->
        <test-method signature="runScenario(io.cucumber.testng.PickleWrapper,io.cucumber.testng.FeatureWrapper)[pri:0, instance:runners.Runner@19bb07ed]" started-at="2025-03-29T15:23:37 IST" name="runScenario" description="Runs Cucumber Scenarios" data-provider="scenarios" finished-at="2025-03-29T15:23:48 IST" duration-ms="11011" status="PASS">
          <params>
            <param index="0">
              <value>
                <![CDATA["Log in to the MSIL App using the user 90217@nishantsclub.onmicrosoft.com."]]>
              </value>
            </param>
            <param index="1">
              <value>
                <![CDATA["Optional[Login functionality]"]]>
              </value>
            </param>
          </params>
          <reporter-output>
          </reporter-output>
        </test-method> <!-- runScenario -->
        <test-method signature="runScenario(io.cucumber.testng.PickleWrapper,io.cucumber.testng.FeatureWrapper)[pri:0, instance:runners.Runner@19bb07ed]" started-at="2025-03-29T15:23:48 IST" name="runScenario" description="Runs Cucumber Scenarios" data-provider="scenarios" finished-at="2025-03-29T15:23:59 IST" duration-ms="11120" status="PASS">
          <params>
            <param index="0">
              <value>
                <![CDATA["Log in to the MSIL App using the user 78932@nishantsclub.onmicrosoft.com."]]>
              </value>
            </param>
            <param index="1">
              <value>
                <![CDATA["Optional[Login functionality]"]]>
              </value>
            </param>
          </params>
          <reporter-output>
          </reporter-output>
        </test-method> <!-- runScenario -->
        <test-method signature="runScenario(io.cucumber.testng.PickleWrapper,io.cucumber.testng.FeatureWrapper)[pri:0, instance:runners.Runner@19bb07ed]" started-at="2025-03-29T15:23:59 IST" name="runScenario" description="Runs Cucumber Scenarios" data-provider="scenarios" finished-at="2025-03-29T15:24:10 IST" duration-ms="10828" status="PASS">
          <params>
            <param index="0">
              <value>
                <![CDATA["Log in to the MSIL App using the user 77777@nishantsclub.onmicrosoft.com."]]>
              </value>
            </param>
            <param index="1">
              <value>
                <![CDATA["Optional[Login functionality]"]]>
              </value>
            </param>
          </params>
          <reporter-output>
          </reporter-output>
        </test-method> <!-- runScenario -->
        <test-method signature="runScenario(io.cucumber.testng.PickleWrapper,io.cucumber.testng.FeatureWrapper)[pri:0, instance:runners.Runner@19bb07ed]" started-at="2025-03-29T15:24:10 IST" name="runScenario" description="Runs Cucumber Scenarios" data-provider="scenarios" finished-at="2025-03-29T15:24:22 IST" duration-ms="12866" status="PASS">
          <params>
            <param index="0">
              <value>
                <![CDATA["Log in to the MSIL App using the user 11111@nishantsclub.onmicrosoft.com."]]>
              </value>
            </param>
            <param index="1">
              <value>
                <![CDATA["Optional[Login functionality]"]]>
              </value>
            </param>
          </params>
          <reporter-output>
          </reporter-output>
        </test-method> <!-- runScenario -->
        <test-method signature="runScenario(io.cucumber.testng.PickleWrapper,io.cucumber.testng.FeatureWrapper)[pri:0, instance:runners.Runner@19bb07ed]" started-at="2025-03-29T15:24:22 IST" name="runScenario" description="Runs Cucumber Scenarios" data-provider="scenarios" finished-at="2025-03-29T15:24:34 IST" duration-ms="11645" status="PASS">
          <params>
            <param index="0">
              <value>
                <![CDATA["Log in to the MSIL App using the user 55555@nishantsclub.onmicrosoft.com."]]>
              </value>
            </param>
            <param index="1">
              <value>
                <![CDATA["Optional[Login functionality]"]]>
              </value>
            </param>
          </params>
          <reporter-output>
          </reporter-output>
        </test-method> <!-- runScenario -->
        <test-method signature="runScenario(io.cucumber.testng.PickleWrapper,io.cucumber.testng.FeatureWrapper)[pri:0, instance:runners.Runner@19bb07ed]" started-at="2025-03-29T15:24:34 IST" name="runScenario" description="Runs Cucumber Scenarios" data-provider="scenarios" finished-at="2025-03-29T15:24:48 IST" duration-ms="13419" status="PASS">
          <params>
            <param index="0">
              <value>
                <![CDATA["Log in to the MSIL App using the Admin credentials and create a message."]]>
              </value>
            </param>
            <param index="1">
              <value>
                <![CDATA["Optional[Login & Create Message Feature]"]]>
              </value>
            </param>
          </params>
          <reporter-output>
          </reporter-output>
        </test-method> <!-- runScenario -->
        <test-method signature="runScenario(io.cucumber.testng.PickleWrapper,io.cucumber.testng.FeatureWrapper)[pri:0, instance:runners.Runner@19bb07ed]" started-at="2025-03-29T15:24:48 IST" name="runScenario" description="Runs Cucumber Scenarios" data-provider="scenarios" finished-at="2025-03-29T15:25:01 IST" duration-ms="13282" status="PASS">
          <params>
            <param index="0">
              <value>
                <![CDATA["Log in to the MSIL App using the user 90217@nishantsclub.onmicrosoft.com and create a message."]]>
              </value>
            </param>
            <param index="1">
              <value>
                <![CDATA["Optional[Login & Create Message Feature]"]]>
              </value>
            </param>
          </params>
          <reporter-output>
          </reporter-output>
        </test-method> <!-- runScenario -->
        <test-method signature="runScenario(io.cucumber.testng.PickleWrapper,io.cucumber.testng.FeatureWrapper)[pri:0, instance:runners.Runner@19bb07ed]" started-at="2025-03-29T15:25:01 IST" name="runScenario" description="Runs Cucumber Scenarios" data-provider="scenarios" finished-at="2025-03-29T15:25:14 IST" duration-ms="13654" status="PASS">
          <params>
            <param index="0">
              <value>
                <![CDATA["Log in to the MSIL App using the user 78932@nishantsclub.onmicrosoft.com and create a message."]]>
              </value>
            </param>
            <param index="1">
              <value>
                <![CDATA["Optional[Login & Create Message Feature]"]]>
              </value>
            </param>
          </params>
          <reporter-output>
          </reporter-output>
        </test-method> <!-- runScenario -->
        <test-method signature="runScenario(io.cucumber.testng.PickleWrapper,io.cucumber.testng.FeatureWrapper)[pri:0, instance:runners.Runner@19bb07ed]" started-at="2025-03-29T15:25:14 IST" name="runScenario" description="Runs Cucumber Scenarios" data-provider="scenarios" finished-at="2025-03-29T15:25:28 IST" duration-ms="13129" status="PASS">
          <params>
            <param index="0">
              <value>
                <![CDATA["Log in to the MSIL App using the user 77777@nishantsclub.onmicrosoft.com and create a message."]]>
              </value>
            </param>
            <param index="1">
              <value>
                <![CDATA["Optional[Login & Create Message Feature]"]]>
              </value>
            </param>
          </params>
          <reporter-output>
          </reporter-output>
        </test-method> <!-- runScenario -->
        <test-method signature="runScenario(io.cucumber.testng.PickleWrapper,io.cucumber.testng.FeatureWrapper)[pri:0, instance:runners.Runner@19bb07ed]" started-at="2025-03-29T15:25:28 IST" name="runScenario" description="Runs Cucumber Scenarios" data-provider="scenarios" finished-at="2025-03-29T15:25:41 IST" duration-ms="13623" status="PASS">
          <params>
            <param index="0">
              <value>
                <![CDATA["Log in to the MSIL App using the user 11111@nishantsclub.onmicrosoft.com and create a message."]]>
              </value>
            </param>
            <param index="1">
              <value>
                <![CDATA["Optional[Login & Create Message Feature]"]]>
              </value>
            </param>
          </params>
          <reporter-output>
          </reporter-output>
        </test-method> <!-- runScenario -->
        <test-method signature="runScenario(io.cucumber.testng.PickleWrapper,io.cucumber.testng.FeatureWrapper)[pri:0, instance:runners.Runner@19bb07ed]" started-at="2025-03-29T15:25:41 IST" name="runScenario" description="Runs Cucumber Scenarios" data-provider="scenarios" finished-at="2025-03-29T15:25:54 IST" duration-ms="13124" status="PASS">
          <params>
            <param index="0">
              <value>
                <![CDATA["Log in to the MSIL App using the user 55555@nishantsclub.onmicrosoft.com and create a message."]]>
              </value>
            </param>
            <param index="1">
              <value>
                <![CDATA["Optional[Login & Create Message Feature]"]]>
              </value>
            </param>
          </params>
          <reporter-output>
          </reporter-output>
        </test-method> <!-- runScenario -->
        <test-method is-config="true" signature="tearDownClass()[pri:0, instance:runners.Runner@19bb07ed]" started-at="2025-03-29T15:25:54 IST" name="tearDownClass" finished-at="2025-03-29T15:25:57 IST" duration-ms="2823" status="PASS">
          <reporter-output>
          </reporter-output>
        </test-method> <!-- tearDownClass -->
      </class> <!-- runners.Runner -->
    </test> <!-- MSIL -->
  </suite> <!-- MSIL -->
</testng-results>
