<?xml version="1.0" encoding="UTF-8"?>
<testng-results ignored="0" total="12" passed="11" failed="1" skipped="0">
  <reporter-output>
  </reporter-output>
  <suite started-at="2025-04-02T10:56:49 IST" name="MSIL" finished-at="2025-04-02T11:01:36 IST" duration-ms="286924">
    <groups>
      <group name="cucumber">
        <method signature="AbstractTestNGCucumberTests.runScenario(io.cucumber.testng.PickleWrapper,io.cucumber.testng.FeatureWrapper)[pri:0, instance:runners.Runner@587e5365]" name="runScenario" class="io.cucumber.testng.AbstractTestNGCucumberTests"/>
      </group> <!-- cucumber -->
    </groups>
    <test started-at="2025-04-02T10:56:49 IST" name="MSIL" finished-at="2025-04-02T11:01:36 IST" duration-ms="286924">
      <class name="runners.Runner">
        <test-method is-config="true" signature="setUpClass()[pri:0, instance:runners.Runner@587e5365]" started-at="2025-04-02T10:56:49 IST" name="setUpClass" finished-at="2025-04-02T10:56:50 IST" duration-ms="635" status="PASS">
          <reporter-output>
          </reporter-output>
        </test-method> <!-- setUpClass -->
        <test-method signature="runScenario(io.cucumber.testng.PickleWrapper,io.cucumber.testng.FeatureWrapper)[pri:0, instance:runners.Runner@587e5365]" started-at="2025-04-02T10:56:50 IST" name="runScenario" description="Runs Cucumber Scenarios" data-provider="scenarios" finished-at="2025-04-02T10:57:16 IST" duration-ms="26354" status="PASS">
          <params>
            <param index="0">
              <value>
                <![CDATA["Log in to the MSIL App using the Admin credentials."]]>
              </value>
            </param>
            <param index="1">
              <value>
                <![CDATA["Optional[Login functionality]"]]>
              </value>
            </param>
          </params>
          <reporter-output>
          </reporter-output>
        </test-method> <!-- runScenario -->
        <test-method signature="runScenario(io.cucumber.testng.PickleWrapper,io.cucumber.testng.FeatureWrapper)[pri:0, instance:runners.Runner@587e5365]" started-at="2025-04-02T10:57:16 IST" name="runScenario" description="Runs Cucumber Scenarios" data-provider="scenarios" finished-at="2025-04-02T10:57:37 IST" duration-ms="20685" status="PASS">
          <params>
            <param index="0">
              <value>
                <![CDATA["Log in to the MSIL App using the user 90217@nishantsclub.onmicrosoft.com."]]>
              </value>
            </param>
            <param index="1">
              <value>
                <![CDATA["Optional[Login functionality]"]]>
              </value>
            </param>
          </params>
          <reporter-output>
          </reporter-output>
        </test-method> <!-- runScenario -->
        <test-method signature="runScenario(io.cucumber.testng.PickleWrapper,io.cucumber.testng.FeatureWrapper)[pri:0, instance:runners.Runner@587e5365]" started-at="2025-04-02T10:57:37 IST" name="runScenario" description="Runs Cucumber Scenarios" data-provider="scenarios" finished-at="2025-04-02T10:57:59 IST" duration-ms="22174" status="PASS">
          <params>
            <param index="0">
              <value>
                <![CDATA["Log in to the MSIL App using the user 78932@nishantsclub.onmicrosoft.com."]]>
              </value>
            </param>
            <param index="1">
              <value>
                <![CDATA["Optional[Login functionality]"]]>
              </value>
            </param>
          </params>
          <reporter-output>
          </reporter-output>
        </test-method> <!-- runScenario -->
        <test-method signature="runScenario(io.cucumber.testng.PickleWrapper,io.cucumber.testng.FeatureWrapper)[pri:0, instance:runners.Runner@587e5365]" started-at="2025-04-02T10:57:59 IST" name="runScenario" description="Runs Cucumber Scenarios" data-provider="scenarios" finished-at="2025-04-02T10:58:22 IST" duration-ms="22982" status="PASS">
          <params>
            <param index="0">
              <value>
                <![CDATA["Log in to the MSIL App using the user 77777@nishantsclub.onmicrosoft.com."]]>
              </value>
            </param>
            <param index="1">
              <value>
                <![CDATA["Optional[Login functionality]"]]>
              </value>
            </param>
          </params>
          <reporter-output>
          </reporter-output>
        </test-method> <!-- runScenario -->
        <test-method signature="runScenario(io.cucumber.testng.PickleWrapper,io.cucumber.testng.FeatureWrapper)[pri:0, instance:runners.Runner@587e5365]" started-at="2025-04-02T10:58:22 IST" name="runScenario" description="Runs Cucumber Scenarios" data-provider="scenarios" finished-at="2025-04-02T10:58:42 IST" duration-ms="20621" status="PASS">
          <params>
            <param index="0">
              <value>
                <![CDATA["Log in to the MSIL App using the user 11111@nishantsclub.onmicrosoft.com."]]>
              </value>
            </param>
            <param index="1">
              <value>
                <![CDATA["Optional[Login functionality]"]]>
              </value>
            </param>
          </params>
          <reporter-output>
          </reporter-output>
        </test-method> <!-- runScenario -->
        <test-method signature="runScenario(io.cucumber.testng.PickleWrapper,io.cucumber.testng.FeatureWrapper)[pri:0, instance:runners.Runner@587e5365]" started-at="2025-04-02T10:58:42 IST" name="runScenario" description="Runs Cucumber Scenarios" data-provider="scenarios" finished-at="2025-04-02T10:59:03 IST" duration-ms="20839" status="PASS">
          <params>
            <param index="0">
              <value>
                <![CDATA["Log in to the MSIL App using the user 55555@nishantsclub.onmicrosoft.com."]]>
              </value>
            </param>
            <param index="1">
              <value>
                <![CDATA["Optional[Login functionality]"]]>
              </value>
            </param>
          </params>
          <reporter-output>
          </reporter-output>
        </test-method> <!-- runScenario -->
        <test-method signature="runScenario(io.cucumber.testng.PickleWrapper,io.cucumber.testng.FeatureWrapper)[pri:0, instance:runners.Runner@587e5365]" started-at="2025-04-02T10:59:03 IST" name="runScenario" description="Runs Cucumber Scenarios" data-provider="scenarios" finished-at="2025-04-02T10:59:14 IST" duration-ms="10741" status="FAIL">
          <params>
            <param index="0">
              <value>
                <![CDATA["Log in to the MSIL App using the Admin credentials and create a message."]]>
              </value>
            </param>
            <param index="1">
              <value>
                <![CDATA["Optional[Login & Create Message Feature]"]]>
              </value>
            </param>
          </params>
          <exception class="org.openqa.selenium.StaleElementReferenceException">
            <message>
              <![CDATA[stale element reference: stale element not found in the current frame
  (Session info: chrome=134.0.6998.178)
For documentation on this error, please visit: https://www.selenium.dev/documentation/webdriver/troubleshooting/errors#stale-element-reference-exception
Build info: version: '4.22.0', revision: 'c5f3146703*'
System info: os.name: 'Windows 11', os.arch: 'amd64', os.version: '10.0', java.version: '22.0.1'
Driver info: org.openqa.selenium.chrome.ChromeDriver
Command: [080c55d88f7355fca2ca8368061d532a, isElementDisplayed {id=f.87C9E877C21DA5615ABD38FD59A7696B.d.01A6BCCC1B5D95DB55477405B1516FEE.e.3450}]
Capabilities {acceptInsecureCerts: false, browserName: chrome, browserVersion: 134.0.6998.178, chrome: {chromedriverVersion: 134.0.6998.165 (fd886e2cb29..., userDataDir: C:\Users\AMIT~1.KUM\AppData...}, fedcm:accounts: true, goog:chromeOptions: {debuggerAddress: localhost:53509}, networkConnectionEnabled: false, pageLoadStrategy: normal, platformName: windows, proxy: Proxy(), se:cdp: ws://localhost:53509/devtoo..., se:cdpVersion: 134.0.6998.178, setWindowRect: true, strictFileInteractability: false, timeouts: {implicit: 0, pageLoad: 300000, script: 30000}, unhandledPromptBehavior: dismiss and notify, webauthn:extension:credBlob: true, webauthn:extension:largeBlob: true, webauthn:extension:minPinLength: true, webauthn:extension:prf: true, webauthn:virtualAuthenticators: true}
Element: [[ChromeDriver: chrome on windows (080c55d88f7355fca2ca8368061d532a)] -> id: i0118]
Session ID: 080c55d88f7355fca2ca8368061d532a]]>
            </message>
            <full-stacktrace>
              <![CDATA[org.openqa.selenium.StaleElementReferenceException: stale element reference: stale element not found in the current frame
  (Session info: chrome=134.0.6998.178)
For documentation on this error, please visit: https://www.selenium.dev/documentation/webdriver/troubleshooting/errors#stale-element-reference-exception
Build info: version: '4.22.0', revision: 'c5f3146703*'
System info: os.name: 'Windows 11', os.arch: 'amd64', os.version: '10.0', java.version: '22.0.1'
Driver info: org.openqa.selenium.chrome.ChromeDriver
Command: [080c55d88f7355fca2ca8368061d532a, isElementDisplayed {id=f.87C9E877C21DA5615ABD38FD59A7696B.d.01A6BCCC1B5D95DB55477405B1516FEE.e.3450}]
Capabilities {acceptInsecureCerts: false, browserName: chrome, browserVersion: 134.0.6998.178, chrome: {chromedriverVersion: 134.0.6998.165 (fd886e2cb29..., userDataDir: C:\Users\AMIT~1.KUM\AppData...}, fedcm:accounts: true, goog:chromeOptions: {debuggerAddress: localhost:53509}, networkConnectionEnabled: false, pageLoadStrategy: normal, platformName: windows, proxy: Proxy(), se:cdp: ws://localhost:53509/devtoo..., se:cdpVersion: 134.0.6998.178, setWindowRect: true, strictFileInteractability: false, timeouts: {implicit: 0, pageLoad: 300000, script: 30000}, unhandledPromptBehavior: dismiss and notify, webauthn:extension:credBlob: true, webauthn:extension:largeBlob: true, webauthn:extension:minPinLength: true, webauthn:extension:prf: true, webauthn:virtualAuthenticators: true}
Element: [[ChromeDriver: chrome on windows (080c55d88f7355fca2ca8368061d532a)] -> id: i0118]
Session ID: 080c55d88f7355fca2ca8368061d532a
at java.base/jdk.internal.reflect.DirectConstructorHandleAccessor.newInstance(DirectConstructorHandleAccessor.java:62)
at java.base/java.lang.reflect.Constructor.newInstanceWithCaller(Constructor.java:502)
at java.base/java.lang.reflect.Constructor.newInstance(Constructor.java:486)
at org.openqa.selenium.remote.ErrorCodec.decode(ErrorCodec.java:167)
at org.openqa.selenium.remote.codec.w3c.W3CHttpResponseCodec.decode(W3CHttpResponseCodec.java:138)
at org.openqa.selenium.remote.codec.w3c.W3CHttpResponseCodec.decode(W3CHttpResponseCodec.java:50)
at org.openqa.selenium.remote.HttpCommandExecutor.execute(HttpCommandExecutor.java:190)
at org.openqa.selenium.remote.service.DriverCommandExecutor.invokeExecute(DriverCommandExecutor.java:216)
at org.openqa.selenium.remote.service.DriverCommandExecutor.execute(DriverCommandExecutor.java:174)
at org.openqa.selenium.remote.RemoteWebDriver.execute(RemoteWebDriver.java:518)
at org.openqa.selenium.remote.RemoteWebElement.execute(RemoteWebElement.java:223)
at org.openqa.selenium.remote.RemoteWebElement.isDisplayed(RemoteWebElement.java:282)
at java.base/jdk.internal.reflect.DirectMethodHandleAccessor.invoke(DirectMethodHandleAccessor.java:103)
at java.base/java.lang.reflect.Method.invoke(Method.java:580)
at org.openqa.selenium.support.pagefactory.internal.LocatingElementHandler.invoke(LocatingElementHandler.java:51)
at jdk.proxy2/jdk.proxy2.$Proxy22.isDisplayed(Unknown Source)
at org.openqa.selenium.support.ui.ExpectedConditions.elementIfVisible(ExpectedConditions.java:304)
at org.openqa.selenium.support.ui.ExpectedConditions$10.apply(ExpectedConditions.java:290)
at org.openqa.selenium.support.ui.ExpectedConditions$10.apply(ExpectedConditions.java:287)
at org.openqa.selenium.support.ui.FluentWait.until(FluentWait.java:203)
at pages.BasePage.sendKeys(BasePage.java:26)
at pages.LoginPage.enterPassword(LoginPage.java:42)
at steps.Login.i_am_on_the_login_page(Login.java:26)
at ✽.I enter username "23145@nishantsclub.onmicrosoft.com" and password "@Redhat@735"(file:///C:/Users/amit.kumar/git/MSIL/MSIL/src/test/resources/features/createMessage.feature:24)
]]>
            </full-stacktrace>
          </exception> <!-- org.openqa.selenium.StaleElementReferenceException -->
          <reporter-output>
          </reporter-output>
        </test-method> <!-- runScenario -->
        <test-method signature="runScenario(io.cucumber.testng.PickleWrapper,io.cucumber.testng.FeatureWrapper)[pri:0, instance:runners.Runner@587e5365]" started-at="2025-04-02T10:59:14 IST" name="runScenario" description="Runs Cucumber Scenarios" data-provider="scenarios" finished-at="2025-04-02T10:59:38 IST" duration-ms="23547" status="PASS">
          <params>
            <param index="0">
              <value>
                <![CDATA["Log in to the MSIL App using the user 90217@nishantsclub.onmicrosoft.com and create a message."]]>
              </value>
            </param>
            <param index="1">
              <value>
                <![CDATA["Optional[Login & Create Message Feature]"]]>
              </value>
            </param>
          </params>
          <reporter-output>
          </reporter-output>
        </test-method> <!-- runScenario -->
        <test-method signature="runScenario(io.cucumber.testng.PickleWrapper,io.cucumber.testng.FeatureWrapper)[pri:0, instance:runners.Runner@587e5365]" started-at="2025-04-02T10:59:38 IST" name="runScenario" description="Runs Cucumber Scenarios" data-provider="scenarios" finished-at="2025-04-02T11:00:02 IST" duration-ms="23867" status="PASS">
          <params>
            <param index="0">
              <value>
                <![CDATA["Log in to the MSIL App using the user 78932@nishantsclub.onmicrosoft.com and create a message."]]>
              </value>
            </param>
            <param index="1">
              <value>
                <![CDATA["Optional[Login & Create Message Feature]"]]>
              </value>
            </param>
          </params>
          <reporter-output>
          </reporter-output>
        </test-method> <!-- runScenario -->
        <test-method signature="runScenario(io.cucumber.testng.PickleWrapper,io.cucumber.testng.FeatureWrapper)[pri:0, instance:runners.Runner@587e5365]" started-at="2025-04-02T11:00:02 IST" name="runScenario" description="Runs Cucumber Scenarios" data-provider="scenarios" finished-at="2025-04-02T11:00:26 IST" duration-ms="24619" status="PASS">
          <params>
            <param index="0">
              <value>
                <![CDATA["Log in to the MSIL App using the user 77777@nishantsclub.onmicrosoft.com and create a message."]]>
              </value>
            </param>
            <param index="1">
              <value>
                <![CDATA["Optional[Login & Create Message Feature]"]]>
              </value>
            </param>
          </params>
          <reporter-output>
          </reporter-output>
        </test-method> <!-- runScenario -->
        <test-method signature="runScenario(io.cucumber.testng.PickleWrapper,io.cucumber.testng.FeatureWrapper)[pri:0, instance:runners.Runner@587e5365]" started-at="2025-04-02T11:00:26 IST" name="runScenario" description="Runs Cucumber Scenarios" data-provider="scenarios" finished-at="2025-04-02T11:01:00 IST" duration-ms="33604" status="PASS">
          <params>
            <param index="0">
              <value>
                <![CDATA["Log in to the MSIL App using the user 11111@nishantsclub.onmicrosoft.com and create a message."]]>
              </value>
            </param>
            <param index="1">
              <value>
                <![CDATA["Optional[Login & Create Message Feature]"]]>
              </value>
            </param>
          </params>
          <reporter-output>
          </reporter-output>
        </test-method> <!-- runScenario -->
        <test-method signature="runScenario(io.cucumber.testng.PickleWrapper,io.cucumber.testng.FeatureWrapper)[pri:0, instance:runners.Runner@587e5365]" started-at="2025-04-02T11:01:00 IST" name="runScenario" description="Runs Cucumber Scenarios" data-provider="scenarios" finished-at="2025-04-02T11:01:32 IST" duration-ms="32502" status="PASS">
          <params>
            <param index="0">
              <value>
                <![CDATA["Log in to the MSIL App using the user 55555@nishantsclub.onmicrosoft.com and create a message."]]>
              </value>
            </param>
            <param index="1">
              <value>
                <![CDATA["Optional[Login & Create Message Feature]"]]>
              </value>
            </param>
          </params>
          <reporter-output>
          </reporter-output>
        </test-method> <!-- runScenario -->
        <test-method is-config="true" signature="tearDownClass()[pri:0, instance:runners.Runner@587e5365]" started-at="2025-04-02T11:01:32 IST" name="tearDownClass" finished-at="2025-04-02T11:01:36 IST" duration-ms="3633" status="PASS">
          <reporter-output>
          </reporter-output>
        </test-method> <!-- tearDownClass -->
      </class> <!-- runners.Runner -->
    </test> <!-- MSIL -->
  </suite> <!-- MSIL -->
</testng-results>
