<?xml version="1.0" encoding="UTF-8"?>
<testng-results ignored="0" total="12" passed="12" failed="0" skipped="0">
  <reporter-output>
  </reporter-output>
  <suite started-at="2025-03-29T14:51:23 IST" name="MSIL" finished-at="2025-03-29T14:53:52 IST" duration-ms="149130">
    <groups>
      <group name="cucumber">
        <method signature="AbstractTestNGCucumberTests.runScenario(io.cucumber.testng.PickleWrapper,io.cucumber.testng.FeatureWrapper)[pri:0, instance:runners.Runner@19bb07ed]" name="runScenario" class="io.cucumber.testng.AbstractTestNGCucumberTests"/>
      </group> <!-- cucumber -->
    </groups>
    <test started-at="2025-03-29T14:51:23 IST" name="MSIL" finished-at="2025-03-29T14:53:52 IST" duration-ms="149130">
      <class name="runners.Runner">
        <test-method is-config="true" signature="setUpClass()[pri:0, instance:runners.Runner@19bb07ed]" started-at="2025-03-29T14:51:23 IST" name="setUpClass" finished-at="2025-03-29T14:51:24 IST" duration-ms="176" status="PASS">
          <reporter-output>
          </reporter-output>
        </test-method> <!-- setUpClass -->
        <test-method signature="runScenario(io.cucumber.testng.PickleWrapper,io.cucumber.testng.FeatureWrapper)[pri:0, instance:runners.Runner@19bb07ed]" started-at="2025-03-29T14:51:24 IST" name="runScenario" description="Runs Cucumber Scenarios" data-provider="scenarios" finished-at="2025-03-29T14:51:36 IST" duration-ms="12919" status="PASS">
          <params>
            <param index="0">
              <value>
                <![CDATA["Log in to the MSIL App using the Admin credentials."]]>
              </value>
            </param>
            <param index="1">
              <value>
                <![CDATA["Optional[Login functionality]"]]>
              </value>
            </param>
          </params>
          <reporter-output>
          </reporter-output>
        </test-method> <!-- runScenario -->
        <test-method signature="runScenario(io.cucumber.testng.PickleWrapper,io.cucumber.testng.FeatureWrapper)[pri:0, instance:runners.Runner@19bb07ed]" started-at="2025-03-29T14:51:36 IST" name="runScenario" description="Runs Cucumber Scenarios" data-provider="scenarios" finished-at="2025-03-29T14:51:48 IST" duration-ms="11671" status="PASS">
          <params>
            <param index="0">
              <value>
                <![CDATA["Log in to the MSIL App using the user 90217@nishantsclub.onmicrosoft.com."]]>
              </value>
            </param>
            <param index="1">
              <value>
                <![CDATA["Optional[Login functionality]"]]>
              </value>
            </param>
          </params>
          <reporter-output>
          </reporter-output>
        </test-method> <!-- runScenario -->
        <test-method signature="runScenario(io.cucumber.testng.PickleWrapper,io.cucumber.testng.FeatureWrapper)[pri:0, instance:runners.Runner@19bb07ed]" started-at="2025-03-29T14:51:48 IST" name="runScenario" description="Runs Cucumber Scenarios" data-provider="scenarios" finished-at="2025-03-29T14:51:59 IST" duration-ms="10416" status="PASS">
          <params>
            <param index="0">
              <value>
                <![CDATA["Log in to the MSIL App using the user 78932@nishantsclub.onmicrosoft.com."]]>
              </value>
            </param>
            <param index="1">
              <value>
                <![CDATA["Optional[Login functionality]"]]>
              </value>
            </param>
          </params>
          <reporter-output>
          </reporter-output>
        </test-method> <!-- runScenario -->
        <test-method signature="runScenario(io.cucumber.testng.PickleWrapper,io.cucumber.testng.FeatureWrapper)[pri:0, instance:runners.Runner@19bb07ed]" started-at="2025-03-29T14:51:59 IST" name="runScenario" description="Runs Cucumber Scenarios" data-provider="scenarios" finished-at="2025-03-29T14:52:10 IST" duration-ms="11293" status="PASS">
          <params>
            <param index="0">
              <value>
                <![CDATA["Log in to the MSIL App using the user 77777@nishantsclub.onmicrosoft.com."]]>
              </value>
            </param>
            <param index="1">
              <value>
                <![CDATA["Optional[Login functionality]"]]>
              </value>
            </param>
          </params>
          <reporter-output>
          </reporter-output>
        </test-method> <!-- runScenario -->
        <test-method signature="runScenario(io.cucumber.testng.PickleWrapper,io.cucumber.testng.FeatureWrapper)[pri:0, instance:runners.Runner@19bb07ed]" started-at="2025-03-29T14:52:10 IST" name="runScenario" description="Runs Cucumber Scenarios" data-provider="scenarios" finished-at="2025-03-29T14:52:20 IST" duration-ms="9887" status="PASS">
          <params>
            <param index="0">
              <value>
                <![CDATA["Log in to the MSIL App using the user 11111@nishantsclub.onmicrosoft.com."]]>
              </value>
            </param>
            <param index="1">
              <value>
                <![CDATA["Optional[Login functionality]"]]>
              </value>
            </param>
          </params>
          <reporter-output>
          </reporter-output>
        </test-method> <!-- runScenario -->
        <test-method signature="runScenario(io.cucumber.testng.PickleWrapper,io.cucumber.testng.FeatureWrapper)[pri:0, instance:runners.Runner@19bb07ed]" started-at="2025-03-29T14:52:20 IST" name="runScenario" description="Runs Cucumber Scenarios" data-provider="scenarios" finished-at="2025-03-29T14:52:30 IST" duration-ms="10006" status="PASS">
          <params>
            <param index="0">
              <value>
                <![CDATA["Log in to the MSIL App using the user 55555@nishantsclub.onmicrosoft.com."]]>
              </value>
            </param>
            <param index="1">
              <value>
                <![CDATA["Optional[Login functionality]"]]>
              </value>
            </param>
          </params>
          <reporter-output>
          </reporter-output>
        </test-method> <!-- runScenario -->
        <test-method signature="runScenario(io.cucumber.testng.PickleWrapper,io.cucumber.testng.FeatureWrapper)[pri:0, instance:runners.Runner@19bb07ed]" started-at="2025-03-29T14:52:30 IST" name="runScenario" description="Runs Cucumber Scenarios" data-provider="scenarios" finished-at="2025-03-29T14:52:43 IST" duration-ms="13613" status="PASS">
          <params>
            <param index="0">
              <value>
                <![CDATA["Log in to the MSIL App using the Admin credentials and create a message."]]>
              </value>
            </param>
            <param index="1">
              <value>
                <![CDATA["Optional[Login & Create Message Feature]"]]>
              </value>
            </param>
          </params>
          <reporter-output>
          </reporter-output>
        </test-method> <!-- runScenario -->
        <test-method signature="runScenario(io.cucumber.testng.PickleWrapper,io.cucumber.testng.FeatureWrapper)[pri:0, instance:runners.Runner@19bb07ed]" started-at="2025-03-29T14:52:43 IST" name="runScenario" description="Runs Cucumber Scenarios" data-provider="scenarios" finished-at="2025-03-29T14:52:57 IST" duration-ms="13954" status="PASS">
          <params>
            <param index="0">
              <value>
                <![CDATA["Log in to the MSIL App using the user 90217@nishantsclub.onmicrosoft.com and create a message."]]>
              </value>
            </param>
            <param index="1">
              <value>
                <![CDATA["Optional[Login & Create Message Feature]"]]>
              </value>
            </param>
          </params>
          <reporter-output>
          </reporter-output>
        </test-method> <!-- runScenario -->
        <test-method signature="runScenario(io.cucumber.testng.PickleWrapper,io.cucumber.testng.FeatureWrapper)[pri:0, instance:runners.Runner@19bb07ed]" started-at="2025-03-29T14:52:57 IST" name="runScenario" description="Runs Cucumber Scenarios" data-provider="scenarios" finished-at="2025-03-29T14:53:12 IST" duration-ms="15191" status="PASS">
          <params>
            <param index="0">
              <value>
                <![CDATA["Log in to the MSIL App using the user 78932@nishantsclub.onmicrosoft.com and create a message."]]>
              </value>
            </param>
            <param index="1">
              <value>
                <![CDATA["Optional[Login & Create Message Feature]"]]>
              </value>
            </param>
          </params>
          <reporter-output>
          </reporter-output>
        </test-method> <!-- runScenario -->
        <test-method signature="runScenario(io.cucumber.testng.PickleWrapper,io.cucumber.testng.FeatureWrapper)[pri:0, instance:runners.Runner@19bb07ed]" started-at="2025-03-29T14:53:12 IST" name="runScenario" description="Runs Cucumber Scenarios" data-provider="scenarios" finished-at="2025-03-29T14:53:25 IST" duration-ms="12401" status="PASS">
          <params>
            <param index="0">
              <value>
                <![CDATA["Log in to the MSIL App using the user 77777@nishantsclub.onmicrosoft.com and create a message."]]>
              </value>
            </param>
            <param index="1">
              <value>
                <![CDATA["Optional[Login & Create Message Feature]"]]>
              </value>
            </param>
          </params>
          <reporter-output>
          </reporter-output>
        </test-method> <!-- runScenario -->
        <test-method signature="runScenario(io.cucumber.testng.PickleWrapper,io.cucumber.testng.FeatureWrapper)[pri:0, instance:runners.Runner@19bb07ed]" started-at="2025-03-29T14:53:25 IST" name="runScenario" description="Runs Cucumber Scenarios" data-provider="scenarios" finished-at="2025-03-29T14:53:38 IST" duration-ms="13022" status="PASS">
          <params>
            <param index="0">
              <value>
                <![CDATA["Log in to the MSIL App using the user 11111@nishantsclub.onmicrosoft.com and create a message."]]>
              </value>
            </param>
            <param index="1">
              <value>
                <![CDATA["Optional[Login & Create Message Feature]"]]>
              </value>
            </param>
          </params>
          <reporter-output>
          </reporter-output>
        </test-method> <!-- runScenario -->
        <test-method signature="runScenario(io.cucumber.testng.PickleWrapper,io.cucumber.testng.FeatureWrapper)[pri:0, instance:runners.Runner@19bb07ed]" started-at="2025-03-29T14:53:38 IST" name="runScenario" description="Runs Cucumber Scenarios" data-provider="scenarios" finished-at="2025-03-29T14:53:52 IST" duration-ms="14547" status="PASS">
          <params>
            <param index="0">
              <value>
                <![CDATA["Log in to the MSIL App using the user 55555@nishantsclub.onmicrosoft.com and create a message."]]>
              </value>
            </param>
            <param index="1">
              <value>
                <![CDATA["Optional[Login & Create Message Feature]"]]>
              </value>
            </param>
          </params>
          <reporter-output>
          </reporter-output>
        </test-method> <!-- runScenario -->
        <test-method is-config="true" signature="tearDownClass()[pri:0, instance:runners.Runner@19bb07ed]" started-at="2025-03-29T14:53:52 IST" name="tearDownClass" finished-at="2025-03-29T14:53:52 IST" duration-ms="13" status="PASS">
          <reporter-output>
          </reporter-output>
        </test-method> <!-- tearDownClass -->
      </class> <!-- runners.Runner -->
    </test> <!-- MSIL -->
  </suite> <!-- MSIL -->
</testng-results>
